#
# There is insufficient memory for the Java Runtime Environment to continue.
# Native memory allocation (mmap) failed to map 135266304 bytes for committing reserved memory.
# Possible reasons:
#   The system is out of physical RAM or swap space
#   In 32 bit mode, the process size limit was hit
# Possible solutions:
#   Reduce memory load on the system
#   Increase physical memory or swap space
#   Check if swap backing store is full
#   Use 64 bit Java on a 64 bit OS
#   Decrease Java heap size (-Xmx/-Xms)
#   Decrease number of Java threads
#   Decrease Java thread stack sizes (-Xss)
#   Set larger code cache with -XX:ReservedCodeCacheSize=
# This output file may be truncated or incomplete.
#
#  Out of Memory Error (os_linux.cpp:2630), pid=4801, tid=139730934683392
#
# JRE version: OpenJDK Runtime Environment (8.0_91-b14) (build 1.8.0_91-8u91-b14-0ubuntu4~14.04-b14)
# Java VM: OpenJDK 64-Bit Server VM (25.91-b14 mixed mode linux-amd64 compressed oops)
# Failed to write core dump. Core dumps have been disabled. To enable core dumping, try "ulimit -c unlimited" before starting Java again
#

---------------  T H R E A D  ---------------

Current thread (0x00007f15b8077800):  VMThread [stack: 0x00007f15a4a9d000,0x00007f15a4b9e000] [id=4809]

Stack: [0x00007f15a4a9d000,0x00007f15a4b9e000],  sp=0x00007f15a4b9c480,  free space=1021k
Native frames: (J=compiled Java code, j=interpreted, Vv=VM code, C=native code)
V  [libjvm.so+0x9f573d]
V  [libjvm.so+0x4bc3da]
V  [libjvm.so+0x85b0a0]
V  [libjvm.so+0x855b9f]
V  [libjvm.so+0x8cb83b]
V  [libjvm.so+0x8cc4f0]
V  [libjvm.so+0x8cc80b]
V  [libjvm.so+0x8c8f1c]
V  [libjvm.so+0x8c96f8]
V  [libjvm.so+0x87e0d3]
V  [libjvm.so+0x9f7204]
V  [libjvm.so+0x9fb5b7]
V  [libjvm.so+0x9fa078]
V  [libjvm.so+0x9fa4f9]
V  [libjvm.so+0x9fa942]
V  [libjvm.so+0x8584a2]

VM_Operation (0x00007f15bf714aa0): ParallelGCFailedAllocation, mode: safepoint, requested by thread 0x00007f15b800a000


---------------  P R O C E S S  ---------------

Java Threads: ( => current thread )
  0x00007f15b866c800 JavaThread "process reaper" daemon [_thread_blocked, id=4819, stack(0x00007f1587877000,0x00007f15878b0000)]
  0x00007f15b80ca000 JavaThread "Service Thread" daemon [_thread_blocked, id=4816, stack(0x00007f1587bfc000,0x00007f1587cfd000)]
  0x00007f15b80b2800 JavaThread "C1 CompilerThread2" daemon [_thread_blocked, id=4815, stack(0x00007f1587cfd000,0x00007f1587dfe000)]
  0x00007f15b80b1000 JavaThread "C2 CompilerThread1" daemon [_thread_in_native, id=4814, stack(0x00007f1587dfe000,0x00007f1587eff000)]
  0x00007f15b80ae000 JavaThread "C2 CompilerThread0" daemon [_thread_blocked, id=4813, stack(0x00007f1587eff000,0x00007f1588000000)]
  0x00007f15b80ac000 JavaThread "Signal Dispatcher" daemon [_thread_blocked, id=4812, stack(0x00007f15a40b7000,0x00007f15a41b8000)]
  0x00007f15b8083800 JavaThread "Finalizer" daemon [_thread_blocked, id=4811, stack(0x00007f15a489b000,0x00007f15a499c000)]
  0x00007f15b807f000 JavaThread "Reference Handler" daemon [_thread_blocked, id=4810, stack(0x00007f15a499c000,0x00007f15a4a9d000)]
  0x00007f15b800a000 JavaThread "main" [_thread_blocked, id=4804, stack(0x00007f15bf618000,0x00007f15bf719000)]

Other Threads:
=>0x00007f15b8077800 VMThread [stack: 0x00007f15a4a9d000,0x00007f15a4b9e000] [id=4809]
  0x00007f15b80cc800 WatcherThread [stack: 0x00007f1587afb000,0x00007f1587bfc000] [id=4817]

VM state:at safepoint (normal execution)

VM Mutex/Monitor currently owned by a thread:  ([mutex/lock_event])
[0x00007f15b80064c0] Threads_lock - owner thread: 0x00007f15b8077800
[0x00007f15b80069c0] Heap_lock - owner thread: 0x00007f15b800a000

Heap:
 PSYoungGen      total 135680K, used 8688K [0x00000000eb700000, 0x00000000f4400000, 0x0000000100000000)
  eden space 126976K, 0% used [0x00000000eb700000,0x00000000eb700000,0x00000000f3300000)
  from space 8704K, 99% used [0x00000000f3300000,0x00000000f3b7c010,0x00000000f3b80000)
  to   space 8704K, 0% used [0x00000000f3b80000,0x00000000f3b80000,0x00000000f4400000)
 ParOldGen       total 42496K, used 14990K [0x00000000c2400000, 0x00000000c4d80000, 0x00000000eb700000)
  object space 42496K, 35% used [0x00000000c2400000,0x00000000c32a3aa8,0x00000000c4d80000)
 Metaspace       used 15637K, capacity 16136K, committed 16256K, reserved 1062912K
  class space    used 1755K, capacity 1918K, committed 1920K, reserved 1048576K

Card table byte_map: [0x00007f15a8a51000,0x00007f15a8c40000] byte_map_base: 0x00007f15a843f000

Marking Bits: (ParMarkBitMap*) 0x00007f15be8ec080
 Begin Bits: [0x00007f15a676d000, 0x00007f15a76dd000)
 End Bits:   [0x00007f15a76dd000, 0x00007f15a864d000)

Polling page: 0x00007f15bf737000

CodeCache: size=245760Kb used=10391Kb max_used=10391Kb free=235369Kb
 bounds [0x00007f15a9000000, 0x00007f15a9a30000, 0x00007f15b8000000]
 total_blobs=3617 nmethods=3281 adapters=250
 compilation: enabled

Compilation events (10 events):
Event: 4,484 Thread 0x00007f15b80b2800 3315   !   3       java.util.AbstractMap::equals (145 bytes)
Event: 4,485 Thread 0x00007f15b80b2800 nmethod 3315 0x00007f15a9a25910 code [0x00007f15a9a25b80, 0x00007f15a9a26bf8]
Event: 4,485 Thread 0x00007f15b80b2800 3316       3       org.apache.maven.plugin.internal.WagonExcluder::isLegacyCoreArtifact (54 bytes)
Event: 4,486 Thread 0x00007f15b80b2800 nmethod 3316 0x00007f15a9a1f510 code [0x00007f15a9a1f700, 0x00007f15a9a1ff98]
Event: 4,498 Thread 0x00007f15b80b2800 3319       2       org.apache.maven.model.io.xpp3.MavenXpp3Reader::parseMailingList (370 bytes)
Event: 4,500 Thread 0x00007f15b80b2800 nmethod 3319 0x00007f15a9a27210 code [0x00007f15a9a275a0, 0x00007f15a9a28588]
Event: 4,516 Thread 0x00007f15b80b2800 3323       2       org.apache.maven.model.io.xpp3.MavenXpp3Reader::parseProfile (715 bytes)
Event: 4,520 Thread 0x00007f15b80b2800 nmethod 3323 0x00007f15a9a29550 code [0x00007f15a9a29b00, 0x00007f15a9a2b8a8]
Event: 4,520 Thread 0x00007f15b80b2800 3324       2       org.apache.maven.model.CiManagement::setNotifiers (6 bytes)
Event: 4,521 Thread 0x00007f15b80b2800 nmethod 3324 0x00007f15a9a1ea10 code [0x00007f15a9a1eb60, 0x00007f15a9a1ecd0]

GC Heap History (10 events):
Event: 0,893 GC heap after
Heap after GC invocations=2 (full 0):
 PSYoungGen      total 34304K, used 2520K [0x00000000eb700000, 0x00000000edb00000, 0x0000000100000000)
  eden space 31744K, 0% used [0x00000000eb700000,0x00000000eb700000,0x00000000ed600000)
  from space 2560K, 98% used [0x00000000ed880000,0x00000000edaf63f0,0x00000000edb00000)
  to   space 2560K, 0% used [0x00000000ed600000,0x00000000ed600000,0x00000000ed880000)
 ParOldGen       total 42496K, used 575K [0x00000000c2400000, 0x00000000c4d80000, 0x00000000eb700000)
  object space 42496K, 1% used [0x00000000c2400000,0x00000000c248ff80,0x00000000c4d80000)
 Metaspace       used 7508K, capacity 7670K, committed 7936K, reserved 1056768K
  class space    used 919K, capacity 985K, committed 1024K, reserved 1048576K
}
Event: 1,662 GC heap before
{Heap before GC invocations=3 (full 0):
 PSYoungGen      total 34304K, used 34264K [0x00000000eb700000, 0x00000000edb00000, 0x0000000100000000)
  eden space 31744K, 100% used [0x00000000eb700000,0x00000000ed600000,0x00000000ed600000)
  from space 2560K, 98% used [0x00000000ed880000,0x00000000edaf63f0,0x00000000edb00000)
  to   space 2560K, 0% used [0x00000000ed600000,0x00000000ed600000,0x00000000ed880000)
 ParOldGen       total 42496K, used 575K [0x00000000c2400000, 0x00000000c4d80000, 0x00000000eb700000)
  object space 42496K, 1% used [0x00000000c2400000,0x00000000c248ff80,0x00000000c4d80000)
 Metaspace       used 12293K, capacity 12558K, committed 12672K, reserved 1060864K
  class space    used 1490K, capacity 1585K, committed 1664K, reserved 1048576K
Event: 1,675 GC heap after
Heap after GC invocations=3 (full 0):
 PSYoungGen      total 34304K, used 2528K [0x00000000eb700000, 0x00000000efa00000, 0x0000000100000000)
  eden space 31744K, 0% used [0x00000000eb700000,0x00000000eb700000,0x00000000ed600000)
  from space 2560K, 98% used [0x00000000ed600000,0x00000000ed878020,0x00000000ed880000)
  to   space 2560K, 0% used [0x00000000ef780000,0x00000000ef780000,0x00000000efa00000)
 ParOldGen       total 42496K, used 4458K [0x00000000c2400000, 0x00000000c4d80000, 0x00000000eb700000)
  object space 42496K, 10% used [0x00000000c2400000,0x00000000c285a838,0x00000000c4d80000)
 Metaspace       used 12293K, capacity 12558K, committed 12672K, reserved 1060864K
  class space    used 1490K, capacity 1585K, committed 1664K, reserved 1048576K
}
Event: 2,141 GC heap before
{Heap before GC invocations=4 (full 0):
 PSYoungGen      total 34304K, used 34272K [0x00000000eb700000, 0x00000000efa00000, 0x0000000100000000)
  eden space 31744K, 100% used [0x00000000eb700000,0x00000000ed600000,0x00000000ed600000)
  from space 2560K, 98% used [0x00000000ed600000,0x00000000ed878020,0x00000000ed880000)
  to   space 2560K, 0% used [0x00000000ef780000,0x00000000ef780000,0x00000000efa00000)
 ParOldGen       total 42496K, used 4458K [0x00000000c2400000, 0x00000000c4d80000, 0x00000000eb700000)
  object space 42496K, 10% used [0x00000000c2400000,0x00000000c285a838,0x00000000c4d80000)
 Metaspace       used 13151K, capacity 13490K, committed 13696K, reserved 1060864K
  class space    used 1559K, capacity 1661K, committed 1664K, reserved 1048576K
Event: 2,170 GC heap after
Heap after GC invocations=4 (full 0):
 PSYoungGen      total 66048K, used 2544K [0x00000000eb700000, 0x00000000efa00000, 0x0000000100000000)
  eden space 63488K, 0% used [0x00000000eb700000,0x00000000eb700000,0x00000000ef500000)
  from space 2560K, 99% used [0x00000000ef780000,0x00000000ef9fc010,0x00000000efa00000)
  to   space 2560K, 0% used [0x00000000ef500000,0x00000000ef500000,0x00000000ef780000)
 ParOldGen       total 42496K, used 7601K [0x00000000c2400000, 0x00000000c4d80000, 0x00000000eb700000)
  object space 42496K, 17% used [0x00000000c2400000,0x00000000c2b6c6f8,0x00000000c4d80000)
 Metaspace       used 13151K, capacity 13490K, committed 13696K, reserved 1060864K
  class space    used 1559K, capacity 1661K, committed 1664K, reserved 1048576K
}
Event: 2,684 GC heap before
{Heap before GC invocations=5 (full 0):
 PSYoungGen      total 66048K, used 66032K [0x00000000eb700000, 0x00000000efa00000, 0x0000000100000000)
  eden space 63488K, 100% used [0x00000000eb700000,0x00000000ef500000,0x00000000ef500000)
  from space 2560K, 99% used [0x00000000ef780000,0x00000000ef9fc010,0x00000000efa00000)
  to   space 2560K, 0% used [0x00000000ef500000,0x00000000ef500000,0x00000000ef780000)
 ParOldGen       total 42496K, used 7601K [0x00000000c2400000, 0x00000000c4d80000, 0x00000000eb700000)
  object space 42496K, 17% used [0x00000000c2400000,0x00000000c2b6c6f8,0x00000000c4d80000)
 Metaspace       used 13489K, capacity 13790K, committed 14080K, reserved 1060864K
  class space    used 1581K, capacity 1695K, committed 1792K, reserved 1048576K
Event: 2,722 GC heap after
Heap after GC invocations=5 (full 0):
 PSYoungGen      total 66048K, used 2544K [0x00000000eb700000, 0x00000000f4400000, 0x0000000100000000)
  eden space 63488K, 0% used [0x00000000eb700000,0x00000000eb700000,0x00000000ef500000)
  from space 2560K, 99% used [0x00000000ef500000,0x00000000ef77c010,0x00000000ef780000)
  to   space 8704K, 0% used [0x00000000f3b80000,0x00000000f3b80000,0x00000000f4400000)
 ParOldGen       total 42496K, used 11829K [0x00000000c2400000, 0x00000000c4d80000, 0x00000000eb700000)
  object space 42496K, 27% used [0x00000000c2400000,0x00000000c2f8d5d0,0x00000000c4d80000)
 Metaspace       used 13489K, capacity 13790K, committed 14080K, reserved 1060864K
  class space    used 1581K, capacity 1695K, committed 1792K, reserved 1048576K
}
Event: 3,294 GC heap before
{Heap before GC invocations=6 (full 0):
 PSYoungGen      total 66048K, used 66032K [0x00000000eb700000, 0x00000000f4400000, 0x0000000100000000)
  eden space 63488K, 100% used [0x00000000eb700000,0x00000000ef500000,0x00000000ef500000)
  from space 2560K, 99% used [0x00000000ef500000,0x00000000ef77c010,0x00000000ef780000)
  to   space 8704K, 0% used [0x00000000f3b80000,0x00000000f3b80000,0x00000000f4400000)
 ParOldGen       total 42496K, used 11829K [0x00000000c2400000, 0x00000000c4d80000, 0x00000000eb700000)
  object space 42496K, 27% used [0x00000000c2400000,0x00000000c2f8d5d0,0x00000000c4d80000)
 Metaspace       used 13988K, capacity 14280K, committed 14592K, reserved 1062912K
  class space    used 1601K, capacity 1702K, committed 1792K, reserved 1048576K
Event: 3,337 GC heap after
Heap after GC invocations=6 (full 0):
 PSYoungGen      total 135680K, used 5600K [0x00000000eb700000, 0x00000000f4400000, 0x0000000100000000)
  eden space 126976K, 0% used [0x00000000eb700000,0x00000000eb700000,0x00000000f3300000)
  from space 8704K, 64% used [0x00000000f3b80000,0x00000000f40f8040,0x00000000f4400000)
  to   space 8704K, 0% used [0x00000000f3300000,0x00000000f3300000,0x00000000f3b80000)
 ParOldGen       total 42496K, used 11829K [0x00000000c2400000, 0x00000000c4d80000, 0x00000000eb700000)
  object space 42496K, 27% used [0x00000000c2400000,0x00000000c2f8d5d0,0x00000000c4d80000)
 Metaspace       used 13988K, capacity 14280K, committed 14592K, reserved 1062912K
  class space    used 1601K, capacity 1702K, committed 1792K, reserved 1048576K
}
Event: 4,529 GC heap before
{Heap before GC invocations=7 (full 0):
 PSYoungGen      total 135680K, used 132576K [0x00000000eb700000, 0x00000000f4400000, 0x0000000100000000)
  eden space 126976K, 100% used [0x00000000eb700000,0x00000000f3300000,0x00000000f3300000)
  from space 8704K, 64% used [0x00000000f3b80000,0x00000000f40f8040,0x00000000f4400000)
  to   space 8704K, 0% used [0x00000000f3300000,0x00000000f3300000,0x00000000f3b80000)
 ParOldGen       total 42496K, used 11829K [0x00000000c2400000, 0x00000000c4d80000, 0x00000000eb700000)
  object space 42496K, 27% used [0x00000000c2400000,0x00000000c2f8d5d0,0x00000000c4d80000)
 Metaspace       used 15637K, capacity 16136K, committed 16256K, reserved 1062912K
  class space    used 1755K, capacity 1918K, committed 1920K, reserved 1048576K

Deoptimization events (10 events):
Event: 3,136 Thread 0x00007f15b800a000 Uncommon trap: reason=bimorphic action=maybe_recompile pc=0x00007f15a95d0634 method=java.util.regex.Pattern$Curly.match0(Ljava/util/regex/Matcher;IILjava/lang/CharSequence;)Z @ 170
Event: 3,136 Thread 0x00007f15b800a000 Uncommon trap: reason=bimorphic action=maybe_recompile pc=0x00007f15a95d0634 method=java.util.regex.Pattern$Curly.match0(Ljava/util/regex/Matcher;IILjava/lang/CharSequence;)Z @ 170
Event: 3,136 Thread 0x00007f15b800a000 Uncommon trap: reason=bimorphic action=maybe_recompile pc=0x00007f15a95d0634 method=java.util.regex.Pattern$Curly.match0(Ljava/util/regex/Matcher;IILjava/lang/CharSequence;)Z @ 170
Event: 3,509 Thread 0x00007f15b800a000 Uncommon trap: reason=unstable_if action=reinterpret pc=0x00007f15a966d8ac method=org.codehaus.plexus.util.xml.pull.MXParser.parseAttribute()C @ 983
Event: 3,769 Thread 0x00007f15b800a000 Uncommon trap: reason=unstable_if action=reinterpret pc=0x00007f15a98ca774 method=org.sonatype.guice.bean.locators.RankedBindings$Itr.hasNext()Z @ 60
Event: 3,803 Thread 0x00007f15b800a000 Uncommon trap: reason=unstable_if action=reinterpret pc=0x00007f15a98e2324 method=java.util.regex.Pattern.sequence(Ljava/util/regex/Pattern$Node;)Ljava/util/regex/Pattern$Node; @ 151
Event: 3,880 Thread 0x00007f15b800a000 Uncommon trap: reason=bimorphic action=maybe_recompile pc=0x00007f15a96850e4 method=java.util.HashMap.putVal(ILjava/lang/Object;Ljava/lang/Object;ZZ)Ljava/lang/Object; @ 203
Event: 4,136 Thread 0x00007f15b800a000 Uncommon trap: reason=bimorphic action=maybe_recompile pc=0x00007f15a96850e4 method=java.util.HashMap.putVal(ILjava/lang/Object;Ljava/lang/Object;ZZ)Ljava/lang/Object; @ 203
Event: 4,246 Thread 0x00007f15b800a000 Uncommon trap: reason=unstable_if action=reinterpret pc=0x00007f15a99c6ce8 method=org.sonatype.guice.bean.locators.RankedBindings$Itr.hasNext()Z @ 22
Event: 4,320 Thread 0x00007f15b800a000 Uncommon trap: reason=bimorphic action=maybe_recompile pc=0x00007f15a96850e4 method=java.util.HashMap.putVal(ILjava/lang/Object;Ljava/lang/Object;ZZ)Ljava/lang/Object; @ 203

Internal exceptions (10 events):
Event: 0,979 Thread 0x00007f15b800a000 Exception <a 'java/lang/NoClassDefFoundError'> (0x00000000ebab2480) thrown at [/build/openjdk-8-vT_67x/openjdk-8-8u91-b14/src/hotspot/src/share/vm/oops/instanceKlass.cpp, line 948]
Event: 1,488 Thread 0x00007f15b800a000 Exception <a 'java/lang/NoSuchFieldError': method resolution failed> (0x00000000ed044af8) thrown at [/build/openjdk-8-vT_67x/openjdk-8-8u91-b14/src/hotspot/src/share/vm/prims/methodHandles.cpp, line 1146]
Event: 1,490 Thread 0x00007f15b800a000 Exception <a 'java/lang/NoSuchFieldError': method resolution failed> (0x00000000ed0521b8) thrown at [/build/openjdk-8-vT_67x/openjdk-8-8u91-b14/src/hotspot/src/share/vm/prims/methodHandles.cpp, line 1146]
Event: 2,028 Thread 0x00007f15b800a000 Implicit null exception at 0x00007f15a9593fe6 to 0x00007f15a9594249
Event: 2,075 Thread 0x00007f15b800a000 Implicit null exception at 0x00007f15a93aabf5 to 0x00007f15a93aadd9
Event: 2,075 Thread 0x00007f15b800a000 Implicit null exception at 0x00007f15a933ebef to 0x00007f15a933ec59
Event: 2,186 Thread 0x00007f15b800a000 Implicit null exception at 0x00007f15a952469b to 0x00007f15a9524dad
Event: 3,755 Thread 0x00007f15b800a000 Exception <a 'java/lang/NoClassDefFoundError': org/slf4j/Logger> (0x00000000eec96370) thrown at [/build/openjdk-8-vT_67x/openjdk-8-8u91-b14/src/hotspot/src/share/vm/oops/constantPool.cpp, line 235]
Event: 3,893 Thread 0x00007f15b800a000 Exception <a 'java/lang/NoClassDefFoundError': org/slf4j/Logger> (0x00000000efb8fef8) thrown at [/build/openjdk-8-vT_67x/openjdk-8-8u91-b14/src/hotspot/src/share/vm/oops/constantPool.cpp, line 235]
Event: 4,136 Thread 0x00007f15b800a000 Exception <a 'java/lang/NoClassDefFoundError': org/slf4j/Logger> (0x00000000f0c6b9d0) thrown at [/build/openjdk-8-vT_67x/openjdk-8-8u91-b14/src/hotspot/src/share/vm/oops/constantPool.cpp, line 235]

Events (10 events):
Event: 4,346 Thread 0x00007f15b800a000 DEOPT UNPACKING pc=0x00007f15a9046f73 sp=0x00007f15bf715e18 mode 0
Event: 4,353 Thread 0x00007f15b800a000 DEOPT PACKING pc=0x00007f15a95eb712 sp=0x00007f15bf7151a0
Event: 4,353 Thread 0x00007f15b800a000 DEOPT UNPACKING pc=0x00007f15a9046f73 sp=0x00007f15bf714f28 mode 0
Event: 4,381 Thread 0x00007f15b800a000 DEOPT PACKING pc=0x00007f15a96de5f4 sp=0x00007f15bf715930
Event: 4,381 Thread 0x00007f15b800a000 DEOPT UNPACKING pc=0x00007f15a9046f73 sp=0x00007f15bf715678 mode 0
Event: 4,485 Thread 0x00007f15b800a000 DEOPT PACKING pc=0x00007f15a972a1ca sp=0x00007f15bf7154d0
Event: 4,485 Thread 0x00007f15b800a000 DEOPT UNPACKING pc=0x00007f15a9046f73 sp=0x00007f15bf715218 mode 0
Event: 4,513 Thread 0x00007f15b800a000 DEOPT PACKING pc=0x00007f15a95eb712 sp=0x00007f15bf714d60
Event: 4,513 Thread 0x00007f15b800a000 DEOPT UNPACKING pc=0x00007f15a9046f73 sp=0x00007f15bf714ae8 mode 0
Event: 4,527 Executing VM operation: ParallelGCFailedAllocation


Dynamic libraries:
00400000-00401000 r-xp 00000000 08:03 3148050                            /usr/lib/jvm/java-8-openjdk-amd64/jre/bin/java
00600000-00601000 r--p 00000000 08:03 3148050                            /usr/lib/jvm/java-8-openjdk-amd64/jre/bin/java
00601000-00602000 rw-p 00001000 08:03 3148050                            /usr/lib/jvm/java-8-openjdk-amd64/jre/bin/java
00c65000-00c86000 rw-p 00000000 00:00 0                                  [heap]
c2400000-c4d80000 rw-p 00000000 00:00 0 
c4d80000-eb700000 ---p 00000000 00:00 0 
eb700000-f4400000 rw-p 00000000 00:00 0 
fc500000-100000000 ---p 00000000 00:00 0 
100000000-1001e0000 rw-p 00000000 00:00 0 
1001e0000-140000000 ---p 00000000 00:00 0 
7f1564000000-7f1564021000 rw-p 00000000 00:00 0 
7f1564021000-7f1568000000 ---p 00000000 00:00 0 
7f156c000000-7f156c021000 rw-p 00000000 00:00 0 
7f156c021000-7f1570000000 ---p 00000000 00:00 0 
7f1570000000-7f1570021000 rw-p 00000000 00:00 0 
7f1570021000-7f1574000000 ---p 00000000 00:00 0 
7f1574000000-7f157450f000 rw-p 00000000 00:00 0 
7f157450f000-7f1578000000 ---p 00000000 00:00 0 
7f1578000000-7f1578aba000 rw-p 00000000 00:00 0 
7f1578aba000-7f157c000000 ---p 00000000 00:00 0 
7f157c000000-7f157d0e9000 rw-p 00000000 00:00 0 
7f157d0e9000-7f1580000000 ---p 00000000 00:00 0 
7f1580000000-7f1580021000 rw-p 00000000 00:00 0 
7f1580021000-7f1584000000 ---p 00000000 00:00 0 
7f1586f3b000-7f1586f3c000 rw-p 00000000 00:00 0 
7f1586f3c000-7f1586f3f000 r--s 0001b000 08:03 2766973                    /home/kostas/.m2/repository/junit/junit/3.8.2/junit-3.8.2.jar
7f1586f3f000-7f1586f4d000 r--s 0008f000 08:03 2766972                    /home/kostas/.m2/repository/com/google/collections/google-collections/1.0/google-collections-1.0.jar
7f1586f4d000-7f1586f4e000 r--s 0000a000 08:03 2766970                    /home/kostas/.m2/repository/commons-logging/commons-logging-api/1.1/commons-logging-api-1.1.jar
7f1586f4e000-7f1586f55000 r--s 00051000 08:03 2766966                    /home/kostas/.m2/repository/log4j/log4j/1.2.12/log4j-1.2.12.jar
7f1586f55000-7f1586f59000 r--s 0001d000 08:03 2766965                    /home/kostas/.m2/repository/org/apache/xbean/xbean-reflect/3.4/xbean-reflect-3.4.jar
7f1586f59000-7f1586f5a000 r--s 00004000 08:03 2766967                    /home/kostas/.m2/repository/org/codehaus/plexus/plexus-compiler-javac/2.2/plexus-compiler-javac-2.2.jar
7f1586f5a000-7f1586f5c000 r--s 00000000 08:03 2766960                    /home/kostas/.m2/repository/org/codehaus/plexus/plexus-compiler-manager/2.2/plexus-compiler-manager-2.2.jar
7f1586f5c000-7f1586f5e000 r--s 00005000 08:03 2766959                    /home/kostas/.m2/repository/org/codehaus/plexus/plexus-compiler-api/2.2/plexus-compiler-api-2.2.jar
7f1586f5e000-7f1586f60000 r--s 00002000 08:03 2766958                    /home/kostas/.m2/repository/org/apache/maven/shared/maven-shared-incremental/1.1/maven-shared-incremental-1.1.jar
7f1586f60000-7f1586f62000 r--s 00006000 08:03 2766956                    /home/kostas/.m2/repository/com/google/code/findbugs/jsr305/2.0.1/jsr305-2.0.1.jar
7f1586f62000-7f1586f65000 r--s 00023000 08:03 2766964                    /home/kostas/.m2/repository/org/apache/maven/shared/maven-shared-utils/0.1/maven-shared-utils-0.1.jar
7f1586f65000-7f1586f69000 r--s 00030000 08:03 2766955                    /home/kostas/.m2/repository/org/codehaus/plexus/plexus-utils/1.5.1/plexus-utils-1.5.1.jar
7f1586f69000-7f1586f6b000 r--s 00009000 08:03 2758405                    /home/kostas/.m2/repository/org/apache/maven/plugins/maven-compiler-plugin/3.1/maven-compiler-plugin-3.1.jar
7f1586f6b000-7f1586f6d000 r--s 0000d000 08:03 2766897                    /home/kostas/.m2/repository/org/codehaus/plexus/plexus-interpolation/1.13/plexus-interpolation-1.13.jar
7f1586f6d000-7f1586f6e000 r--s 00001000 08:03 2766893                    /home/kostas/.m2/repository/org/sonatype/plexus/plexus-build-api/0.0.4/plexus-build-api-0.0.4.jar
7f1586f6e000-7f1586f70000 r--s 00009000 08:03 2766895                    /home/kostas/.m2/repository/org/apache/maven/shared/maven-filtering/1.1/maven-filtering-1.1.jar
7f1586f70000-7f1586f74000 r--s 00033000 08:03 2766889                    /home/kostas/.m2/repository/org/codehaus/plexus/plexus-utils/2.0.5/plexus-utils-2.0.5.jar
7f1586f74000-7f1586f76000 r--s 00006000 08:03 2766766                    /home/kostas/.m2/repository/commons-cli/commons-cli/1.0/commons-cli-1.0.jar
7f1586f76000-7f1586f77000 r--s 00001000 08:03 2766890                    /home/kostas/.m2/repository/org/apache/maven/doxia/doxia-sink-api/1.0-alpha-7/doxia-sink-api-1.0-alpha-7.jar
7f1586f77000-7f1586f78000 r--s 00002000 08:03 2766891                    /home/kostas/.m2/repository/org/apache/maven/reporting/maven-reporting-api/2.0.6/maven-reporting-api-2.0.6.jar
7f1586f78000-7f1586f7a000 r--s 00006000 08:03 2766076                    /home/kostas/.m2/repository/org/apache/maven/plugins/maven-resources-plugin/2.6/maven-resources-plugin-2.6.jar
7f1586f7a000-7f1586f88000 r--s 0007f000 08:03 2758104                    /home/kostas/.m2/repository/commons-collections/commons-collections/3.2.1/commons-collections-3.2.1.jar
7f1586f88000-7f1586f8d000 r--s 00041000 08:03 2766825                    /home/kostas/.m2/repository/commons-lang/commons-lang/2.6/commons-lang-2.6.jar
7f1586f8d000-7f1586f8f000 r--s 00006000 08:03 2758103                    /home/kostas/.m2/repository/org/apache/maven/shared/maven-invoker/2.1.1/maven-invoker-2.1.1.jar
7f1586f8f000-7f1586f91000 r--s 00006000 08:03 2766821                    /home/kostas/.m2/repository/org/apache/maven/shared/maven-common-artifact-filters/1.4/maven-common-artifact-filters-1.4.jar
7f1586f91000-7f1586f95000 r--s 0001d000 08:03 2922221                    /home/kostas/.m2/repository/org/eclipse/aether/aether-util/0.9.0.M2/aether-util-0.9.0.M2.jar
7f1586f95000-7f1586f98000 r--s 0000d000 08:03 2793477                    /home/kostas/.m2/repository/org/apache/maven/shared/maven-dependency-tree/2.2/maven-dependency-tree-2.2.jar
7f1586f98000-7f1586f99000 r--s 0000c000 08:03 2659581                    /home/kostas/.m2/repository/org/ow2/asm/asm/5.0.2/asm-5.0.2.jar
7f1586f99000-7f1586f9b000 r--s 00006000 08:03 2793474                    /home/kostas/.m2/repository/org/apache/maven/shared/maven-dependency-analyzer/1.6/maven-dependency-analyzer-1.6.jar
7f1586f9b000-7f1586f9e000 r--s 00011000 08:03 2793473                    /home/kostas/.m2/repository/org/codehaus/plexus/plexus-io/2.4/plexus-io-2.4.jar
7f1586f9e000-7f1586fa0000 r--s 00008000 08:03 2766808                    /home/kostas/.m2/repository/org/apache/maven/shared/maven-shared-io/1.1/maven-shared-io-1.1.jar
7f1586fa0000-7f1586fa2000 r--s 00008000 08:03 2766806                    /home/kostas/.m2/repository/org/apache/maven/shared/file-management/1.2.1/file-management-1.2.1.jar
7f1586fa2000-7f1586fa6000 r--s 00038000 08:03 2884442                    /home/kostas/.m2/repository/org/codehaus/plexus/plexus-utils/3.0.20/plexus-utils-3.0.20.jar
7f1586fa6000-7f1586fad000 r--s 00056000 08:03 2884441                    /home/kostas/.m2/repository/org/apache/commons/commons-compress/1.9/commons-compress-1.9.jar
7f1586fad000-7f1586fb1000 r--s 00020000 08:03 2659578                    /home/kostas/.m2/repository/org/codehaus/plexus/plexus-archiver/2.9/plexus-archiver-2.9.jar
7f1586fb1000-7f1586fb3000 r--s 00000000 08:03 2758056                    /home/kostas/.m2/repository/org/codehaus/plexus/plexus-component-annotations/1.5.5/plexus-component-annotations-1.5.5.jar
7f1586fb3000-7f1586fb6000 r--s 0001b000 08:03 2659577                    /home/kostas/.m2/repository/org/apache/struts/struts-tiles/1.3.8/struts-tiles-1.3.8.jar
7f1586fb6000-7f1586fbb000 r--s 00039000 08:03 2659571                    /home/kostas/.m2/repository/org/apache/struts/struts-taglib/1.3.8/struts-taglib-1.3.8.jar
7f1586fbb000-7f1586fc0000 r--s 00053000 08:03 2793472                    /home/kostas/.m2/repository/antlr/antlr/2.7.2/antlr-2.7.2.jar
7f1586fc0000-7f1586fc6000 r--s 0004b000 08:03 2659570                    /home/kostas/.m2/repository/org/apache/struts/struts-core/1.3.8/struts-core-1.3.8.jar
7f1586fc6000-7f1586fc8000 r--s 00005000 08:03 2655323                    /home/kostas/.m2/repository/sslext/sslext/1.2-0/sslext-1.2-0.jar
7f1586fc8000-7f1586fd0000 r--s 00068000 08:03 2793470                    /home/kostas/.m2/repository/dom4j/dom4j/1.1/dom4j-1.1.jar
7f1586fd0000-7f1586fd2000 r--s 00014000 08:03 2659567                    /home/kostas/.m2/repository/commons-chain/commons-chain/1.1/commons-chain-1.1.jar
7f1586fd2000-7f1586fd8000 r--s 0004f000 08:03 2659566                    /home/kostas/.m2/repository/org/apache/velocity/velocity-tools/2.0/velocity-tools-2.0.jar
7f1586fd8000-7f1586fda000 r--s 0000e000 08:03 2758074                    /home/kostas/.m2/repository/oro/oro/2.0.8/oro-2.0.8.jar
7f1586fda000-7f1586fe2000 r--s 00058000 08:03 2758071                    /home/kostas/.m2/repository/org/apache/velocity/velocity/1.5/velocity-1.5.jar
7f1586fe2000-7f1586fe3000 r--s 00001000 08:03 2766789                    /home/kostas/.m2/repository/org/codehaus/plexus/plexus-velocity/1.1.7/plexus-velocity-1.1.7.jar
7f1586fe3000-7f1586fe4000 r--s 00002000 08:03 2766791                    /home/kostas/.m2/repository/org/codehaus/plexus/plexus-i18n/1.0-beta-7/plexus-i18n-1.0-beta-7.jar
7f1586fe4000-7f1586fe6000 r--s 00008000 08:03 2793465                    /home/kostas/.m2/repository/org/apache/maven/doxia/doxia-module-fml/1.4/doxia-module-fml-1.4.jar
7f1586fe6000-7f1586fe7000 r--s 00003000 08:03 2793467                    /home/kostas/.m2/repository/org/apache/maven/doxia/doxia-module-xhtml/1.4/doxia-module-xhtml-1.4.jar
7f1586fe7000-7f1586fe8000 r--s 0000e000 08:03 2793462                    /home/kostas/.m2/repository/org/apache/maven/doxia/doxia-decoration-model/1.4/doxia-decoration-model-1.4.jar
7f1586fe8000-7f1586fea000 r--s 0000b000 08:03 2793459                    /home/kostas/.m2/repository/org/apache/maven/doxia/doxia-site-renderer/1.4/doxia-site-renderer-1.4.jar
7f1586fea000-7f1586feb000 r--s 00002000 08:03 2793457                    /home/kostas/.m2/repository/org/apache/maven/doxia/doxia-logging-api/1.4/doxia-logging-api-1.4.jar
7f1586feb000-7f1586fec000 r--s 00002000 08:03 2793461                    /home/kostas/.m2/repository/org/apache/maven/doxia/doxia-sink-api/1.4/doxia-sink-api-1.4.jar
7f1586fec000-7f1586fef000 r--s 00018000 08:03 2766775                    /home/kostas/.m2/repository/commons-io/commons-io/1.4/commons-io-1.4.jar
7f1586fef000-7f1586ff1000 r--s 00008000 08:03 2766781                    /home/kostas/.m2/repository/commons-logging/commons-logging/1.0.4/commons-logging-1.0.4.jar
7f1586ff1000-7f1586ff6000 r--s 00016000 08:03 2758062                    /home/kostas/.m2/repository/xml-apis/xml-apis/1.0.b2/xml-apis-1.0.b2.jar
7f1586ff6000-7f1586ffa000 r--s 00026000 08:03 2766783                    /home/kostas/.m2/repository/commons-digester/commons-digester/1.6/commons-digester-1.6.jar
7f1586ffa000-7f1586fff000 r--s 0002a000 08:03 2766779                    /home/kostas/.m2/repository/commons-beanutils/commons-beanutils/1.7.0/commons-beanutils-1.7.0.jar
7f1586fff000-7f1587002000 r--s 0001f000 08:03 2793458                    /home/kostas/.m2/repository/commons-validator/commons-validator/1.3.1/commons-validator-1.3.1.jar
7f1587002000-7f1587004000 r--s 0000a000 08:03 2659564                    /home/kostas/.m2/repository/commons-codec/commons-codec/1.3/commons-codec-1.3.jar
7f1587004000-7f1587009000 r--s 00026000 08:03 2921617                    /home/kostas/.m2/repository/org/apache/httpcomponents/httpcore/4.0.1/httpcore-4.0.1.jar
7f1587009000-7f1587010000 r--s 00041000 08:03 2921616                    /home/kostas/.m2/repository/org/apache/httpcomponents/httpclient/4.0.2/httpclient-4.0.2.jar
7f1587010000-7f1587028000 r--s 00115000 08:03 2509777                    /home/kostas/.m2/repository/xerces/xercesImpl/2.9.1/xercesImpl-2.9.1.jar
7f1587028000-7f158702c000 r--s 00022000 08:03 2793454                    /home/kostas/.m2/repository/org/apache/maven/doxia/doxia-core/1.2/doxia-core-1.2.jar
7f158702c000-7f158702e000 r--s 00003000 08:03 2793453                    /home/kostas/.m2/repository/org/apache/maven/reporting/maven-reporting-impl/2.2/maven-reporting-impl-2.2.jar
7f158702e000-7f158702f000 r--s 00002000 08:03 2766768                    /home/kostas/.m2/repository/org/apache/maven/reporting/maven-reporting-api/3.0/maven-reporting-api-3.0.jar
7f158702f000-7f1587037000 r--s 00049000 08:03 2758097                    /home/kostas/.m2/repository/backport-util-concurrent/backport-util-concurrent/3.1/backport-util-concurrent-3.1.jar
7f1587037000-7f1587039000 r--s 00002000 08:03 2758100                    /home/kostas/.m2/repository/org/sonatype/plexus/plexus-cipher/1.4/plexus-cipher-1.4.jar
7f1587039000-7f158703a000 r--s 00006000 08:03 2758098                    /home/kostas/.m2/repository/org/sonatype/plexus/plexus-sec-dispatcher/1.3/plexus-sec-dispatcher-1.3.jar
7f158703a000-7f158703c000 r--s 00002000 08:03 2766767                    /home/kostas/.m2/repository/org/codehaus/plexus/plexus-interactivity-api/1.0-alpha-4/plexus-interactivity-api-1.0-alpha-4.jar
7f158703c000-7f158703e000 r--s 00009000 08:03 2758093                    /home/kostas/.m2/repository/commons-cli/commons-cli/1.2/commons-cli-1.2.jar
7f158703e000-7f1587040000 r--s 00003000 08:03 2758084                    /home/kostas/.m2/repository/org/slf4j/jcl-over-slf4j/1.5.6/jcl-over-slf4j-1.5.6.jar
7f1587040000-7f1587042000 r--s 00004000 08:03 2758082                    /home/kostas/.m2/repository/org/slf4j/slf4j-api/1.5.6/slf4j-api-1.5.6.jar
7f1587042000-7f1587044000 r--s 00001000 08:03 2758080                    /home/kostas/.m2/repository/org/slf4j/slf4j-jdk14/1.5.6/slf4j-jdk14-1.5.6.jar
7f1587044000-7f1587047000 r--s 0001b000 08:03 2766810                    /home/kostas/.m2/repository/junit/junit/3.8.1/junit-3.8.1.jar
7f1587047000-7f1587049000 r--s 0000b000 08:03 2758066                    /home/kostas/.m2/repository/org/codehaus/plexus/plexus-interpolation/1.11/plexus-interpolation-1.11.jar
7f1587049000-7f158704d000 r--s 00024000 08:03 2884036                    /home/kostas/.m2/repository/org/apache/maven/plugins/maven-dependency-plugin/2.10/maven-dependency-plugin-2.10.jar
7f158704d000-7f158724d000 rw-p 00000000 00:00 0 
7f158724d000-7f158725e000 r-xp 00000000 08:03 3156248                    /usr/lib/jvm/java-8-openjdk-amd64/jre/lib/amd64/libnio.so
7f158725e000-7f158745d000 ---p 00011000 08:03 3156248                    /usr/lib/jvm/java-8-openjdk-amd64/jre/lib/amd64/libnio.so
7f158745d000-7f158745e000 r--p 00010000 08:03 3156248                    /usr/lib/jvm/java-8-openjdk-amd64/jre/lib/amd64/libnio.so
7f158745e000-7f158745f000 rw-p 00011000 08:03 3156248                    /usr/lib/jvm/java-8-openjdk-amd64/jre/lib/amd64/libnio.so
7f158745f000-7f1587475000 r-xp 00000000 08:03 3148233                    /usr/lib/jvm/java-8-openjdk-amd64/jre/lib/amd64/libnet.so
7f1587475000-7f1587675000 ---p 00016000 08:03 3148233                    /usr/lib/jvm/java-8-openjdk-amd64/jre/lib/amd64/libnet.so
7f1587675000-7f1587676000 r--p 00016000 08:03 3148233                    /usr/lib/jvm/java-8-openjdk-amd64/jre/lib/amd64/libnet.so
7f1587676000-7f1587677000 rw-p 00017000 08:03 3148233                    /usr/lib/jvm/java-8-openjdk-amd64/jre/lib/amd64/libnet.so
7f1587677000-7f1587877000 rw-p 00000000 00:00 0 
7f1587877000-7f158787a000 ---p 00000000 00:00 0 
7f158787a000-7f15878b0000 rw-p 00000000 00:00 0                          [stack:4819]
7f15878b0000-7f15878b1000 r--p 00000000 00:00 0 
7f15878b1000-7f15878b5000 r--s 00097000 08:03 3162589                    /usr/lib/jvm/java-8-openjdk-amd64/jre/lib/jsse.jar
7f15878b5000-7f1587ab5000 rw-p 00000000 00:00 0 
7f1587ab5000-7f1587ab7000 r--s 0000c000 08:03 2508176                    /home/kostas/netbeans-8.1/java/maven-nblib/netbeans-eventspy.jar
7f1587ab7000-7f1587aba000 r--s 00008000 08:03 2508139                    /home/kostas/netbeans-8.1/java/maven/lib/maven-settings-builder-3.0.5.jar
7f1587aba000-7f1587abc000 r--s 0000b000 08:03 2508165                    /home/kostas/netbeans-8.1/java/maven/lib/maven-plugin-api-3.0.5.jar
7f1587abc000-7f1587abd000 r--s 00003000 08:03 2508187                    /home/kostas/netbeans-8.1/java/maven/lib/aether-spi-1.13.1.jar
7f1587abd000-7f1587abf000 r--s 00006000 08:03 2508132                    /home/kostas/netbeans-8.1/java/maven/lib/maven-repository-metadata-3.0.5.jar
7f1587abf000-7f1587ac1000 r--s 0000b000 08:03 2508170                    /home/kostas/netbeans-8.1/java/maven/lib/maven-artifact-3.0.5.jar
7f1587ac1000-7f1587ac3000 r--s 00006000 08:03 2508138                    /home/kostas/netbeans-8.1/java/maven/lib/aether-connector-wagon-1.13.1.jar
7f1587ac3000-7f1587ac9000 r--s 0003f000 08:03 2508182                    /home/kostas/netbeans-8.1/java/maven/lib/maven-compat-3.0.5.jar
7f1587ac9000-7f1587acd000 r--s 00021000 08:03 2508147                    /home/kostas/netbeans-8.1/java/maven/lib/maven-model-builder-3.0.5.jar
7f1587acd000-7f1587ad5000 r--s 00050000 08:03 2508159                    /home/kostas/netbeans-8.1/java/maven/lib/sisu-guice-3.1.0-no_aop.jar
7f1587ad5000-7f1587adc000 r--s 0002b000 08:03 2508157                    /home/kostas/netbeans-8.1/java/maven/lib/sisu-inject-plexus-2.3.0.jar
7f1587adc000-7f1587afb000 r--s 00154000 08:03 2508192                    /home/kostas/netbeans-8.1/java/maven/lib/sisu-guava-0.9.9.jar
7f1587afb000-7f1587afc000 ---p 00000000 00:00 0 
7f1587afc000-7f1587bfc000 rw-p 00000000 00:00 0                          [stack:4817]
7f1587bfc000-7f1587bff000 ---p 00000000 00:00 0 
7f1587bff000-7f1587cfd000 rw-p 00000000 00:00 0                          [stack:4816]
7f1587cfd000-7f1587d00000 ---p 00000000 00:00 0 
7f1587d00000-7f1587dfe000 rw-p 00000000 00:00 0                          [stack:4815]
7f1587dfe000-7f1587e01000 ---p 00000000 00:00 0 
7f1587e01000-7f1587eff000 rw-p 00000000 00:00 0                          [stack:4814]
7f1587eff000-7f1587f02000 ---p 00000000 00:00 0 
7f1587f02000-7f1588000000 rw-p 00000000 00:00 0                          [stack:4813]
7f1588000000-7f1588021000 rw-p 00000000 00:00 0 
7f1588021000-7f158c000000 ---p 00000000 00:00 0 
7f158c000000-7f158c021000 rw-p 00000000 00:00 0 
7f158c021000-7f1590000000 ---p 00000000 00:00 0 
7f1590000000-7f1590021000 rw-p 00000000 00:00 0 
7f1590021000-7f1594000000 ---p 00000000 00:00 0 
7f1594000000-7f1594021000 rw-p 00000000 00:00 0 
7f1594021000-7f1598000000 ---p 00000000 00:00 0 
7f1598000000-7f1598021000 rw-p 00000000 00:00 0 
7f1598021000-7f159c000000 ---p 00000000 00:00 0 
7f159c000000-7f159c021000 rw-p 00000000 00:00 0 
7f159c021000-7f15a0000000 ---p 00000000 00:00 0 
7f15a0000000-7f15a0021000 rw-p 00000000 00:00 0 
7f15a0021000-7f15a4000000 ---p 00000000 00:00 0 
7f15a4000000-7f15a4002000 r--s 0000a000 08:03 2508172                    /home/kostas/netbeans-8.1/java/maven/lib/maven-settings-3.0.5.jar
7f15a4002000-7f15a4003000 r--s 00006000 08:03 2508148                    /home/kostas/netbeans-8.1/java/maven/lib/plexus-sec-dispatcher-1.3.jar
7f15a4003000-7f15a4005000 r--s 00002000 08:03 2508185                    /home/kostas/netbeans-8.1/java/maven/lib/plexus-cipher-1.7.jar
7f15a4005000-7f15a4007000 r--s 00009000 08:03 2508193                    /home/kostas/netbeans-8.1/java/maven/lib/commons-cli-1.2.jar
7f15a4007000-7f15a4009000 r--s 0000d000 08:03 2508151                    /home/kostas/netbeans-8.1/java/maven/lib/plexus-interpolation-1.14.jar
7f15a4009000-7f15a4015000 r--s 0007d000 08:03 2508191                    /home/kostas/netbeans-8.1/java/maven/lib/maven-core-3.0.5.jar
7f15a4015000-7f15a4017000 r--s 0000c000 08:03 2508141                    /home/kostas/netbeans-8.1/java/maven/lib/maven-aether-provider-3.0.5.jar
7f15a4017000-7f15a4019000 r--s 00000000 08:03 2508127                    /home/kostas/netbeans-8.1/java/maven/lib/plexus-component-annotations-1.5.5.jar
7f15a4019000-7f15a4020000 r--s 0003f000 08:03 2508166                    /home/kostas/netbeans-8.1/java/maven/lib/sisu-inject-bean-2.3.0.jar
7f15a4020000-7f15a4021000 r--s 0000a000 08:03 2508171                    /home/kostas/netbeans-8.1/java/maven/lib/maven-embedder-3.0.5.jar
7f15a4021000-7f15a4025000 r--s 0001c000 08:03 2508181                    /home/kostas/netbeans-8.1/java/maven/lib/aether-util-1.13.1.jar
7f15a4025000-7f15a4027000 r--s 0000b000 08:03 2508164                    /home/kostas/netbeans-8.1/java/maven/lib/wagon-provider-api-2.4.jar
7f15a4027000-7f15a402b000 r--s 00013000 08:03 2508186                    /home/kostas/netbeans-8.1/java/maven/lib/aether-api-1.13.1.jar
7f15a402b000-7f15a402e000 r--s 0001d000 08:03 2508180                    /home/kostas/netbeans-8.1/java/maven/lib/aether-impl-1.13.1.jar
7f15a402e000-7f15a4030000 r--s 00026000 08:03 2508184                    /home/kostas/netbeans-8.1/java/maven/lib/maven-model-3.0.5.jar
7f15a4030000-7f15a4034000 r--s 00033000 08:03 2508179                    /home/kostas/netbeans-8.1/java/maven/lib/plexus-utils-2.0.6.jar
7f15a4034000-7f15a404f000 r--s 000e4000 08:03 2508169                    /home/kostas/netbeans-8.1/java/maven/lib/wagon-http-2.4-shaded.jar
7f15a404f000-7f15a4050000 r--s 00002000 08:03 2508194                    /home/kostas/netbeans-8.1/java/maven/lib/wagon-file-2.4.jar
7f15a4050000-7f15a407e000 r--s 001c9000 08:03 2508150                    /home/kostas/netbeans-8.1/java/maven/lib/ext/wagon-http-2.8-shaded.jar
7f15a407e000-7f15a4080000 r--s 0000a000 08:03 2508161                    /home/kostas/netbeans-8.1/java/maven/boot/plexus-classworlds-2.4.jar
7f15a4080000-7f15a409b000 r--s 001d7000 08:03 3162576                    /usr/lib/jvm/java-8-openjdk-amd64/jre/lib/ext/nashorn.jar
7f15a409b000-7f15a40b7000 r--s 00393000 08:03 3162578                    /usr/lib/jvm/java-8-openjdk-amd64/jre/lib/ext/cldrdata.jar
7f15a40b7000-7f15a40ba000 ---p 00000000 00:00 0 
7f15a40ba000-7f15a41b8000 rw-p 00000000 00:00 0                          [stack:4812]
7f15a41b8000-7f15a489b000 r--p 00000000 08:03 3153738                    /usr/lib/locale/locale-archive
7f15a489b000-7f15a489e000 ---p 00000000 00:00 0 
7f15a489e000-7f15a499c000 rw-p 00000000 00:00 0                          [stack:4811]
7f15a499c000-7f15a499f000 ---p 00000000 00:00 0 
7f15a499f000-7f15a4a9d000 rw-p 00000000 00:00 0                          [stack:4810]
7f15a4a9d000-7f15a4a9e000 ---p 00000000 00:00 0 
7f15a4a9e000-7f15a5b3c000 rw-p 00000000 00:00 0                          [stack:4809]
7f15a5b3c000-7f15a5d09000 r--s 03be7000 08:03 3156264                    /usr/lib/jvm/java-8-openjdk-amd64/jre/lib/rt.jar
7f15a5d09000-7f15a864d000 rw-p 00000000 00:00 0 
7f15a864d000-7f15a864e000 ---p 00000000 00:00 0 
7f15a864e000-7f15a874e000 rw-p 00000000 00:00 0                          [stack:4808]
7f15a874e000-7f15a874f000 ---p 00000000 00:00 0 
7f15a874f000-7f15a884f000 rw-p 00000000 00:00 0                          [stack:4807]
7f15a884f000-7f15a8850000 ---p 00000000 00:00 0 
7f15a8850000-7f15a8950000 rw-p 00000000 00:00 0                          [stack:4806]
7f15a8950000-7f15a8951000 ---p 00000000 00:00 0 
7f15a8951000-7f15a8a66000 rw-p 00000000 00:00 0                          [stack:4805]
7f15a8a66000-7f15a8b9a000 ---p 00000000 00:00 0 
7f15a8b9a000-7f15a8be1000 rw-p 00000000 00:00 0 
7f15a8be1000-7f15a8c3f000 ---p 00000000 00:00 0 
7f15a8c3f000-7f15a8c69000 rw-p 00000000 00:00 0 
7f15a8c69000-7f15a9000000 ---p 00000000 00:00 0 
7f15a9000000-7f15a9a30000 rwxp 00000000 00:00 0 
7f15a9a30000-7f15b8000000 ---p 00000000 00:00 0 
7f15b8000000-7f15b8eb1000 rw-p 00000000 00:00 0 
7f15b8eb1000-7f15bc000000 ---p 00000000 00:00 0 
7f15bc000000-7f15bc003000 r--s 0000f000 08:03 3162585                    /usr/lib/jvm/java-8-openjdk-amd64/jre/lib/ext/icedtea-sound.jar
7f15bc003000-7f15bc004000 r--s 00010000 08:03 3162582                    /usr/lib/jvm/java-8-openjdk-amd64/jre/lib/ext/zipfs.jar
7f15bc004000-7f15bc00a000 r--s 0003a000 08:03 3162584                    /usr/lib/jvm/java-8-openjdk-amd64/jre/lib/ext/sunjce_provider.jar
7f15bc00a000-7f15bc040000 rw-p 00000000 00:00 0 
7f15bc040000-7f15bc175000 ---p 00000000 00:00 0 
7f15bc175000-7f15bc17d000 r-xp 00000000 08:03 3149861                    /usr/lib/jvm/java-8-openjdk-amd64/jre/lib/amd64/libzip.so
7f15bc17d000-7f15bc37c000 ---p 00008000 08:03 3149861                    /usr/lib/jvm/java-8-openjdk-amd64/jre/lib/amd64/libzip.so
7f15bc37c000-7f15bc37d000 r--p 00007000 08:03 3149861                    /usr/lib/jvm/java-8-openjdk-amd64/jre/lib/amd64/libzip.so
7f15bc37d000-7f15bc37e000 rw-p 00008000 08:03 3149861                    /usr/lib/jvm/java-8-openjdk-amd64/jre/lib/amd64/libzip.so
7f15bc37e000-7f15bc388000 r-xp 00000000 08:03 160044                     /lib/x86_64-linux-gnu/libnss_files-2.19.so
7f15bc388000-7f15bc587000 ---p 0000a000 08:03 160044                     /lib/x86_64-linux-gnu/libnss_files-2.19.so
7f15bc587000-7f15bc588000 r--p 00009000 08:03 160044                     /lib/x86_64-linux-gnu/libnss_files-2.19.so
7f15bc588000-7f15bc589000 rw-p 0000a000 08:03 160044                     /lib/x86_64-linux-gnu/libnss_files-2.19.so
7f15bc589000-7f15bc594000 r-xp 00000000 08:03 160036                     /lib/x86_64-linux-gnu/libnss_nis-2.19.so
7f15bc594000-7f15bc793000 ---p 0000b000 08:03 160036                     /lib/x86_64-linux-gnu/libnss_nis-2.19.so
7f15bc793000-7f15bc794000 r--p 0000a000 08:03 160036                     /lib/x86_64-linux-gnu/libnss_nis-2.19.so
7f15bc794000-7f15bc795000 rw-p 0000b000 08:03 160036                     /lib/x86_64-linux-gnu/libnss_nis-2.19.so
7f15bc795000-7f15bc7ac000 r-xp 00000000 08:03 160032                     /lib/x86_64-linux-gnu/libnsl-2.19.so
7f15bc7ac000-7f15bc9ab000 ---p 00017000 08:03 160032                     /lib/x86_64-linux-gnu/libnsl-2.19.so
7f15bc9ab000-7f15bc9ac000 r--p 00016000 08:03 160032                     /lib/x86_64-linux-gnu/libnsl-2.19.so
7f15bc9ac000-7f15bc9ad000 rw-p 00017000 08:03 160032                     /lib/x86_64-linux-gnu/libnsl-2.19.so
7f15bc9ad000-7f15bc9af000 rw-p 00000000 00:00 0 
7f15bc9af000-7f15bc9b8000 r-xp 00000000 08:03 160031                     /lib/x86_64-linux-gnu/libnss_compat-2.19.so
7f15bc9b8000-7f15bcbb7000 ---p 00009000 08:03 160031                     /lib/x86_64-linux-gnu/libnss_compat-2.19.so
7f15bcbb7000-7f15bcbb8000 r--p 00008000 08:03 160031                     /lib/x86_64-linux-gnu/libnss_compat-2.19.so
7f15bcbb8000-7f15bcbb9000 rw-p 00009000 08:03 160031                     /lib/x86_64-linux-gnu/libnss_compat-2.19.so
7f15bcbb9000-7f15bcbe5000 r-xp 00000000 08:03 3148077                    /usr/lib/jvm/java-8-openjdk-amd64/jre/lib/amd64/libjava.so
7f15bcbe5000-7f15bcde5000 ---p 0002c000 08:03 3148077                    /usr/lib/jvm/java-8-openjdk-amd64/jre/lib/amd64/libjava.so
7f15bcde5000-7f15bcde6000 r--p 0002c000 08:03 3148077                    /usr/lib/jvm/java-8-openjdk-amd64/jre/lib/amd64/libjava.so
7f15bcde6000-7f15bcde8000 rw-p 0002d000 08:03 3148077                    /usr/lib/jvm/java-8-openjdk-amd64/jre/lib/amd64/libjava.so
7f15bcde8000-7f15bcdf8000 r-xp 00000000 08:03 3148225                    /usr/lib/jvm/java-8-openjdk-amd64/jre/lib/amd64/libverify.so
7f15bcdf8000-7f15bcff7000 ---p 00010000 08:03 3148225                    /usr/lib/jvm/java-8-openjdk-amd64/jre/lib/amd64/libverify.so
7f15bcff7000-7f15bcff9000 r--p 0000f000 08:03 3148225                    /usr/lib/jvm/java-8-openjdk-amd64/jre/lib/amd64/libverify.so
7f15bcff9000-7f15bcffa000 rw-p 00011000 08:03 3148225                    /usr/lib/jvm/java-8-openjdk-amd64/jre/lib/amd64/libverify.so
7f15bcffa000-7f15bd001000 r-xp 00000000 08:03 160040                     /lib/x86_64-linux-gnu/librt-2.19.so
7f15bd001000-7f15bd200000 ---p 00007000 08:03 160040                     /lib/x86_64-linux-gnu/librt-2.19.so
7f15bd200000-7f15bd201000 r--p 00006000 08:03 160040                     /lib/x86_64-linux-gnu/librt-2.19.so
7f15bd201000-7f15bd202000 rw-p 00007000 08:03 160040                     /lib/x86_64-linux-gnu/librt-2.19.so
7f15bd202000-7f15bd218000 r-xp 00000000 08:03 131077                     /lib/x86_64-linux-gnu/libgcc_s.so.1
7f15bd218000-7f15bd417000 ---p 00016000 08:03 131077                     /lib/x86_64-linux-gnu/libgcc_s.so.1
7f15bd417000-7f15bd418000 rw-p 00015000 08:03 131077                     /lib/x86_64-linux-gnu/libgcc_s.so.1
7f15bd418000-7f15bd51d000 r-xp 00000000 08:03 160026                     /lib/x86_64-linux-gnu/libm-2.19.so
7f15bd51d000-7f15bd71c000 ---p 00105000 08:03 160026                     /lib/x86_64-linux-gnu/libm-2.19.so
7f15bd71c000-7f15bd71d000 r--p 00104000 08:03 160026                     /lib/x86_64-linux-gnu/libm-2.19.so
7f15bd71d000-7f15bd71e000 rw-p 00105000 08:03 160026                     /lib/x86_64-linux-gnu/libm-2.19.so
7f15bd71e000-7f15bd804000 r-xp 00000000 08:03 3145751                    /usr/lib/x86_64-linux-gnu/libstdc++.so.6.0.19
7f15bd804000-7f15bda03000 ---p 000e6000 08:03 3145751                    /usr/lib/x86_64-linux-gnu/libstdc++.so.6.0.19
7f15bda03000-7f15bda0b000 r--p 000e5000 08:03 3145751                    /usr/lib/x86_64-linux-gnu/libstdc++.so.6.0.19
7f15bda0b000-7f15bda0d000 rw-p 000ed000 08:03 3145751                    /usr/lib/x86_64-linux-gnu/libstdc++.so.6.0.19
7f15bda0d000-7f15bda22000 rw-p 00000000 00:00 0 
7f15bda22000-7f15be610000 r-xp 00000000 08:03 3148248                    /usr/lib/jvm/java-8-openjdk-amd64/jre/lib/amd64/server/libjvm.so
7f15be610000-7f15be810000 ---p 00bee000 08:03 3148248                    /usr/lib/jvm/java-8-openjdk-amd64/jre/lib/amd64/server/libjvm.so
7f15be810000-7f15be8ae000 r--p 00bee000 08:03 3148248                    /usr/lib/jvm/java-8-openjdk-amd64/jre/lib/amd64/server/libjvm.so
7f15be8ae000-7f15be8d7000 rw-p 00c8c000 08:03 3148248                    /usr/lib/jvm/java-8-openjdk-amd64/jre/lib/amd64/server/libjvm.so
7f15be8d7000-7f15be909000 rw-p 00000000 00:00 0 
7f15be909000-7f15be922000 r-xp 00000000 08:03 160033                     /lib/x86_64-linux-gnu/libpthread-2.19.so
7f15be922000-7f15beb21000 ---p 00019000 08:03 160033                     /lib/x86_64-linux-gnu/libpthread-2.19.so
7f15beb21000-7f15beb22000 r--p 00018000 08:03 160033                     /lib/x86_64-linux-gnu/libpthread-2.19.so
7f15beb22000-7f15beb23000 rw-p 00019000 08:03 160033                     /lib/x86_64-linux-gnu/libpthread-2.19.so
7f15beb23000-7f15beb27000 rw-p 00000000 00:00 0 
7f15beb27000-7f15beb2a000 r-xp 00000000 08:03 160028                     /lib/x86_64-linux-gnu/libdl-2.19.so
7f15beb2a000-7f15bed29000 ---p 00003000 08:03 160028                     /lib/x86_64-linux-gnu/libdl-2.19.so
7f15bed29000-7f15bed2a000 r--p 00002000 08:03 160028                     /lib/x86_64-linux-gnu/libdl-2.19.so
7f15bed2a000-7f15bed2b000 rw-p 00003000 08:03 160028                     /lib/x86_64-linux-gnu/libdl-2.19.so
7f15bed2b000-7f15bed43000 r-xp 00000000 08:03 135349                     /lib/x86_64-linux-gnu/libz.so.1.2.8
7f15bed43000-7f15bef42000 ---p 00018000 08:03 135349                     /lib/x86_64-linux-gnu/libz.so.1.2.8
7f15bef42000-7f15bef43000 r--p 00017000 08:03 135349                     /lib/x86_64-linux-gnu/libz.so.1.2.8
7f15bef43000-7f15bef44000 rw-p 00018000 08:03 135349                     /lib/x86_64-linux-gnu/libz.so.1.2.8
7f15bef44000-7f15bf0fe000 r-xp 00000000 08:03 160041                     /lib/x86_64-linux-gnu/libc-2.19.so
7f15bf0fe000-7f15bf2fe000 ---p 001ba000 08:03 160041                     /lib/x86_64-linux-gnu/libc-2.19.so
7f15bf2fe000-7f15bf302000 r--p 001ba000 08:03 160041                     /lib/x86_64-linux-gnu/libc-2.19.so
7f15bf302000-7f15bf304000 rw-p 001be000 08:03 160041                     /lib/x86_64-linux-gnu/libc-2.19.so
7f15bf304000-7f15bf309000 rw-p 00000000 00:00 0 
7f15bf309000-7f15bf316000 r-xp 00000000 08:03 3155916                    /usr/lib/jvm/java-8-openjdk-amd64/jre/lib/amd64/jli/libjli.so
7f15bf316000-7f15bf516000 ---p 0000d000 08:03 3155916                    /usr/lib/jvm/java-8-openjdk-amd64/jre/lib/amd64/jli/libjli.so
7f15bf516000-7f15bf517000 r--p 0000d000 08:03 3155916                    /usr/lib/jvm/java-8-openjdk-amd64/jre/lib/amd64/jli/libjli.so
7f15bf517000-7f15bf518000 rw-p 0000e000 08:03 3155916                    /usr/lib/jvm/java-8-openjdk-amd64/jre/lib/amd64/jli/libjli.so
7f15bf518000-7f15bf53b000 r-xp 00000000 08:03 160034                     /lib/x86_64-linux-gnu/ld-2.19.so
7f15bf53b000-7f15bf53c000 r--s 00008000 08:03 3162579                    /usr/lib/jvm/java-8-openjdk-amd64/jre/lib/ext/sunec.jar
7f15bf53c000-7f15bf53e000 r--s 00001000 08:03 3162577                    /usr/lib/jvm/java-8-openjdk-amd64/jre/lib/ext/dnsns.jar
7f15bf53e000-7f15bf53f000 r--s 0000a000 08:03 3162581                    /usr/lib/jvm/java-8-openjdk-amd64/jre/lib/ext/jaccess.jar
7f15bf53f000-7f15bf618000 rw-p 00000000 00:00 0 
7f15bf618000-7f15bf61b000 ---p 00000000 00:00 0 
7f15bf61b000-7f15bf71e000 rw-p 00000000 00:00 0                          [stack:4804]
7f15bf71e000-7f15bf722000 r--s 00037000 08:03 3162587                    /usr/lib/jvm/java-8-openjdk-amd64/jre/lib/ext/sunpkcs11.jar
7f15bf722000-7f15bf72c000 r--s 00116000 08:03 3162586                    /usr/lib/jvm/java-8-openjdk-amd64/jre/lib/ext/localedata.jar
7f15bf72c000-7f15bf72e000 r--s 00006000 08:03 3554305                    /usr/share/java/java-atk-wrapper.jar
7f15bf72e000-7f15bf736000 rw-s 00000000 08:03 1072777                    /tmp/hsperfdata_kostas/4801
7f15bf736000-7f15bf737000 rw-p 00000000 00:00 0 
7f15bf737000-7f15bf738000 ---p 00000000 00:00 0 
7f15bf738000-7f15bf73a000 rw-p 00000000 00:00 0 
7f15bf73a000-7f15bf73b000 r--p 00022000 08:03 160034                     /lib/x86_64-linux-gnu/ld-2.19.so
7f15bf73b000-7f15bf73c000 rw-p 00023000 08:03 160034                     /lib/x86_64-linux-gnu/ld-2.19.so
7f15bf73c000-7f15bf73d000 rw-p 00000000 00:00 0 
7ffc41dfb000-7ffc41e1c000 rw-p 00000000 00:00 0                          [stack]
7ffc41ecb000-7ffc41ecd000 r-xp 00000000 00:00 0                          [vdso]
7ffc41ecd000-7ffc41ecf000 r--p 00000000 00:00 0                          [vvar]
ffffffffff600000-ffffffffff601000 r-xp 00000000 00:00 0                  [vsyscall]

VM Arguments:
jvm_args: -Dclassworlds.conf=/home/kostas/netbeans-8.1/java/maven/bin/m2.conf -Dmaven.home=/home/kostas/netbeans-8.1/java/maven 
java_command: org.codehaus.plexus.classworlds.launcher.Launcher -Dmaven.ext.class.path=/home/kostas/netbeans-8.1/java/maven-nblib/netbeans-eventspy.jar spring-boot:run
java_class_path (initial): /home/kostas/netbeans-8.1/java/maven/boot/plexus-classworlds-2.4.jar
Launcher Type: SUN_STANDARD

Environment Variables:
JAVA_HOME=/usr/lib/jvm/java-1.8.0-openjdk-amd64
PATH=/home/kostas/.rvm/gems/ruby-2.1.6/bin:/home/kostas/.rvm/gems/ruby-2.1.6@global/bin:/home/kostas/.rvm/rubies/ruby-2.1.6/bin:/usr/local/sbin:/usr/local/bin:/usr/sbin:/usr/bin:/sbin:/bin:/usr/games:/usr/local/games:/usr/lib/jvm/java-8-oracle/bin:/usr/lib/jvm/java-8-oracle/db/bin:/usr/lib/jvm/java-8-oracle/jre/bin:/home/kostas/.rvm/bin
LD_LIBRARY_PATH=/usr/lib/jvm/java-1.8.0-openjdk-amd64/jre/lib/amd64:/usr/lib/jvm/java-1.8.0-openjdk-amd64/jre/lib/i386:
SHELL=/bin/bash
DISPLAY=:0.0

Signal Handlers:
SIGSEGV: [libjvm.so+0x9f6230], sa_mask[0]=11111111011111111101111111111110, sa_flags=SA_RESTART|SA_SIGINFO
SIGBUS: [libjvm.so+0x9f6230], sa_mask[0]=11111111011111111101111111111110, sa_flags=SA_RESTART|SA_SIGINFO
SIGFPE: [libjvm.so+0x856c80], sa_mask[0]=11111111011111111101111111111110, sa_flags=SA_RESTART|SA_SIGINFO
SIGPIPE: [libjvm.so+0x856c80], sa_mask[0]=11111111011111111101111111111110, sa_flags=SA_RESTART|SA_SIGINFO
SIGXFSZ: [libjvm.so+0x856c80], sa_mask[0]=11111111011111111101111111111110, sa_flags=SA_RESTART|SA_SIGINFO
SIGILL: [libjvm.so+0x856c80], sa_mask[0]=11111111011111111101111111111110, sa_flags=SA_RESTART|SA_SIGINFO
SIGUSR1: SIG_DFL, sa_mask[0]=00000000000000000000000000000000, sa_flags=none
SIGUSR2: [libjvm.so+0x856b50], sa_mask[0]=00100000000000000000000000000000, sa_flags=SA_RESTART|SA_SIGINFO
SIGHUP: [libjvm.so+0x856d40], sa_mask[0]=11111111011111111101111111111110, sa_flags=SA_RESTART|SA_SIGINFO
SIGINT: SIG_IGN, sa_mask[0]=00000000000000000000000000000000, sa_flags=none
SIGTERM: [libjvm.so+0x856d40], sa_mask[0]=11111111011111111101111111111110, sa_flags=SA_RESTART|SA_SIGINFO
SIGQUIT: [libjvm.so+0x856d40], sa_mask[0]=11111111011111111101111111111110, sa_flags=SA_RESTART|SA_SIGINFO


---------------  S Y S T E M  ---------------

OS:DISTRIB_ID=Ubuntu
DISTRIB_RELEASE=14.04
DISTRIB_CODENAME=trusty
DISTRIB_DESCRIPTION="Ubuntu 14.04.4 LTS"

uname:Linux 3.16.0-71-generic #92~14.04.1-Ubuntu SMP Thu May 12 23:31:46 UTC 2016 x86_64
libc:glibc 2.19 NPTL 2.19 
rlimit: STACK 8192k, CORE 0k, NPROC 15723, NOFILE 4096, AS infinity
load average:0,43 0,47 0,53

/proc/meminfo:
MemTotal:        4046604 kB
MemFree:          102856 kB
MemAvailable:      51424 kB
Buffers:             592 kB
Cached:           212256 kB
SwapCached:            0 kB
Active:          3538900 kB
Inactive:         207512 kB
Active(anon):    3537856 kB
Inactive(anon):   190252 kB
Active(file):       1044 kB
Inactive(file):    17260 kB
Unevictable:          52 kB
Mlocked:              52 kB
SwapTotal:             0 kB
SwapFree:              0 kB
Dirty:                48 kB
Writeback:             0 kB
AnonPages:       3534356 kB
Mapped:           204652 kB
Shmem:            193820 kB
Slab:              79264 kB
SReclaimable:      47768 kB
SUnreclaim:        31496 kB
KernelStack:        9888 kB
PageTables:        41028 kB
NFS_Unstable:          0 kB
Bounce:                0 kB
WritebackTmp:          0 kB
CommitLimit:     2023300 kB
Committed_AS:    8038884 kB
VmallocTotal:   34359738367 kB
VmallocUsed:      133472 kB
VmallocChunk:   34359587248 kB
HardwareCorrupted:     0 kB
AnonHugePages:   1470464 kB
HugePages_Total:       0
HugePages_Free:        0
HugePages_Rsvd:        0
HugePages_Surp:        0
Hugepagesize:       2048 kB
DirectMap4k:       80768 kB
DirectMap2M:     4112384 kB


CPU:total 4 (4 cores per cpu, 1 threads per core) family 6 model 23 stepping 7, cmov, cx8, fxsr, mmx, sse, sse2, sse3, ssse3, sse4.1, tsc

/proc/cpuinfo:
processor	: 0
vendor_id	: GenuineIntel
cpu family	: 6
model		: 23
model name	: Intel(R) Core(TM)2 Quad  CPU   Q9300  @ 2.50GHz
stepping	: 7
cpu MHz		: 2000.000
cache size	: 3072 KB
physical id	: 0
siblings	: 4
core id		: 0
cpu cores	: 4
apicid		: 0
initial apicid	: 0
fpu		: yes
fpu_exception	: yes
cpuid level	: 10
wp		: yes
flags		: fpu vme de pse tsc msr pae mce cx8 apic sep mtrr pge mca cmov pat pse36 clflush dts acpi mmx fxsr sse sse2 ss ht tm pbe syscall nx lm constant_tsc arch_perfmon pebs bts rep_good nopl aperfmperf pni dtes64 monitor ds_cpl vmx smx est tm2 ssse3 cx16 xtpr pdcm sse4_1 lahf_lm dtherm tpr_shadow vnmi flexpriority
bogomips	: 5000.21
clflush size	: 64
cache_alignment	: 64
address sizes	: 36 bits physical, 48 bits virtual
power management:

processor	: 1
vendor_id	: GenuineIntel
cpu family	: 6
model		: 23
model name	: Intel(R) Core(TM)2 Quad  CPU   Q9300  @ 2.50GHz
stepping	: 7
cpu MHz		: 2000.000
cache size	: 3072 KB
physical id	: 0
siblings	: 4
core id		: 1
cpu cores	: 4
apicid		: 1
initial apicid	: 1
fpu		: yes
fpu_exception	: yes
cpuid level	: 10
wp		: yes
flags		: fpu vme de pse tsc msr pae mce cx8 apic sep mtrr pge mca cmov pat pse36 clflush dts acpi mmx fxsr sse sse2 ss ht tm pbe syscall nx lm constant_tsc arch_perfmon pebs bts rep_good nopl aperfmperf pni dtes64 monitor ds_cpl vmx smx est tm2 ssse3 cx16 xtpr pdcm sse4_1 lahf_lm dtherm tpr_shadow vnmi flexpriority
bogomips	: 5000.21
clflush size	: 64
cache_alignment	: 64
address sizes	: 36 bits physical, 48 bits virtual
power management:

processor	: 2
vendor_id	: GenuineIntel
cpu family	: 6
model		: 23
model name	: Intel(R) Core(TM)2 Quad  CPU   Q9300  @ 2.50GHz
stepping	: 7
cpu MHz		: 2333.000
cache size	: 3072 KB
physical id	: 0
siblings	: 4
core id		: 3
cpu cores	: 4
apicid		: 3
initial apicid	: 3
fpu		: yes
fpu_exception	: yes
cpuid level	: 10
wp		: yes
flags		: fpu vme de pse tsc msr pae mce cx8 apic sep mtrr pge mca cmov pat pse36 clflush dts acpi mmx fxsr sse sse2 ss ht tm pbe syscall nx lm constant_tsc arch_perfmon pebs bts rep_good nopl aperfmperf pni dtes64 monitor ds_cpl vmx smx est tm2 ssse3 cx16 xtpr pdcm sse4_1 lahf_lm dtherm tpr_shadow vnmi flexpriority
bogomips	: 5000.21
clflush size	: 64
cache_alignment	: 64
address sizes	: 36 bits physical, 48 bits virtual
power management:

processor	: 3
vendor_id	: GenuineIntel
cpu family	: 6
model		: 23
model name	: Intel(R) Core(TM)2 Quad  CPU   Q9300  @ 2.50GHz
stepping	: 7
cpu MHz		: 2333.000
cache size	: 3072 KB
physical id	: 0
siblings	: 4
core id		: 2
cpu cores	: 4
apicid		: 2
initial apicid	: 2
fpu		: yes
fpu_exception	: yes
cpuid level	: 10
wp		: yes
flags		: fpu vme de pse tsc msr pae mce cx8 apic sep mtrr pge mca cmov pat pse36 clflush dts acpi mmx fxsr sse sse2 ss ht tm pbe syscall nx lm constant_tsc arch_perfmon pebs bts rep_good nopl aperfmperf pni dtes64 monitor ds_cpl vmx smx est tm2 ssse3 cx16 xtpr pdcm sse4_1 lahf_lm dtherm tpr_shadow vnmi flexpriority
bogomips	: 5000.21
clflush size	: 64
cache_alignment	: 64
address sizes	: 36 bits physical, 48 bits virtual
power management:



Memory: 4k page, physical 4046604k(102608k free), swap 0k(0k free)

vm_info: OpenJDK 64-Bit Server VM (25.91-b14) for linux-amd64 JRE (1.8.0_91-8u91-b14-0ubuntu4~14.04-b14), built on Apr 22 2016 12:27:31 by "buildd" with gcc 4.8.2

time: Mon Jun  6 21:09:29 2016
elapsed time: 4 seconds (0d 0h 0m 4s)

