#
# There is insufficient memory for the Java Runtime Environment to continue.
# Native memory allocation (mmap) failed to map 58720256 bytes for committing reserved memory.
# Possible reasons:
#   The system is out of physical RAM or swap space
#   In 32 bit mode, the process size limit was hit
# Possible solutions:
#   Reduce memory load on the system
#   Increase physical memory or swap space
#   Check if swap backing store is full
#   Use 64 bit Java on a 64 bit OS
#   Decrease Java heap size (-Xmx/-Xms)
#   Decrease number of Java threads
#   Decrease Java thread stack sizes (-Xss)
#   Set larger code cache with -XX:ReservedCodeCacheSize=
# This output file may be truncated or incomplete.
#
#  Out of Memory Error (os_linux.cpp:2627), pid=9278, tid=140495572412160
#
# JRE version: Java(TM) SE Runtime Environment (8.0_74-b02) (build 1.8.0_74-b02)
# Java VM: Java HotSpot(TM) 64-Bit Server VM (25.74-b02 mixed mode linux-amd64 compressed oops)
# Failed to write core dump. Core dumps have been disabled. To enable core dumping, try "ulimit -c unlimited" before starting Java again
#

---------------  T H R E A D  ---------------

Current thread (0x00007fc7bc077800):  VMThread [stack: 0x00007fc7ac9fa000,0x00007fc7acafb000] [id=9286]

Stack: [0x00007fc7ac9fa000,0x00007fc7acafb000],  sp=0x00007fc7acaf91c0,  free space=1020k
Native frames: (J=compiled Java code, j=interpreted, Vv=VM code, C=native code)
V  [libjvm.so+0xaba7ea]  VMError::report_and_die()+0x2ba
V  [libjvm.so+0x4f9e3b]  report_vm_out_of_memory(char const*, int, unsigned long, VMErrorType, char const*)+0x8b
V  [libjvm.so+0x91b613]  os::Linux::commit_memory_impl(char*, unsigned long, bool)+0x103
V  [libjvm.so+0x91bb69]  os::pd_commit_memory(char*, unsigned long, unsigned long, bool)+0x29
V  [libjvm.so+0x915e6a]  os::commit_memory(char*, unsigned long, unsigned long, bool)+0x2a
V  [libjvm.so+0x989543]  PSVirtualSpace::expand_by(unsigned long)+0x53
V  [libjvm.so+0x98a948]  PSYoungGen::resize_generation(unsigned long, unsigned long)+0xf8
V  [libjvm.so+0x989aa2]  PSYoungGen::resize(unsigned long, unsigned long)+0x22
V  [libjvm.so+0x986d7b]  PSScavenge::invoke_no_policy()+0xf3b
V  [libjvm.so+0x982025]  PSParallelCompact::invoke(bool)+0x85
V  [libjvm.so+0x480fa4]  CollectedHeap::collect_as_vm_thread(GCCause::Cause)+0x114
V  [libjvm.so+0xabbc61]  VM_CollectForMetadataAllocation::doit()+0x161
V  [libjvm.so+0xac3c35]  VM_Operation::evaluate()+0x55
V  [libjvm.so+0xac200a]  VMThread::evaluate_operation(VM_Operation*)+0xba
V  [libjvm.so+0xac238e]  VMThread::loop()+0x1ce
V  [libjvm.so+0xac2800]  VMThread::run()+0x70
V  [libjvm.so+0x91d9d8]  java_start(Thread*)+0x108

VM_Operation (0x00007fc798e91150): CollectForMetadataAllocation, mode: safepoint, requested by thread 0x00007fc7bd034800


---------------  P R O C E S S  ---------------

Java Threads: ( => current thread )
  0x00007fc7bd034800 JavaThread "main" [_thread_blocked, id=9297, stack(0x00007fc798d95000,0x00007fc798e96000)]
  0x00007fc7bc5ce000 JavaThread "process reaper" daemon [_thread_blocked, id=9296, stack(0x00007fc7999e2000,0x00007fc799a1b000)]
  0x00007fc7bc0db000 JavaThread "Service Thread" daemon [_thread_blocked, id=9293, stack(0x00007fc799d1c000,0x00007fc799e1d000)]
  0x00007fc7bc0be000 JavaThread "C1 CompilerThread2" daemon [_thread_blocked, id=9292, stack(0x00007fc799e1d000,0x00007fc799f1e000)]
  0x00007fc7bc0bc000 JavaThread "C2 CompilerThread1" daemon [_thread_blocked, id=9291, stack(0x00007fc799f1e000,0x00007fc79a01f000)]
  0x00007fc7bc0b9800 JavaThread "C2 CompilerThread0" daemon [_thread_blocked, id=9290, stack(0x00007fc79a01f000,0x00007fc79a120000)]
  0x00007fc7bc0b8000 JavaThread "Signal Dispatcher" daemon [_thread_blocked, id=9289, stack(0x00007fc7ac014000,0x00007fc7ac115000)]
  0x00007fc7bc084000 JavaThread "Finalizer" daemon [_thread_blocked, id=9288, stack(0x00007fc7ac7f8000,0x00007fc7ac8f9000)]
  0x00007fc7bc07f000 JavaThread "Reference Handler" daemon [_thread_blocked, id=9287, stack(0x00007fc7ac8f9000,0x00007fc7ac9fa000)]
  0x00007fc7bc00a000 JavaThread "main" [_thread_blocked, id=9281, stack(0x00007fc7c5160000,0x00007fc7c5261000)]

Other Threads:
=>0x00007fc7bc077800 VMThread [stack: 0x00007fc7ac9fa000,0x00007fc7acafb000] [id=9286]
  0x00007fc7bc0de000 WatcherThread [stack: 0x00007fc799c1b000,0x00007fc799d1c000] [id=9294]

VM state:at safepoint (normal execution)

VM Mutex/Monitor currently owned by a thread:  ([mutex/lock_event])
[0x00007fc7bc0061e0] Threads_lock - owner thread: 0x00007fc7bc077800
[0x00007fc7bc0066e0] Heap_lock - owner thread: 0x00007fc7bd034800
[0x00007fc7bc006c60] MethodData_lock - owner thread: 0x00007fc7bd034800

Heap:
 PSYoungGen      total 266240K, used 12795K [0x00000000eb700000, 0x00000000fc800000, 0x0000000100000000)
  eden space 253440K, 0% used [0x00000000eb700000,0x00000000eb700000,0x00000000fae80000)
  from space 12800K, 99% used [0x00000000fae80000,0x00000000fbafecb0,0x00000000fbb00000)
  to   space 12288K, 0% used [0x00000000fbb00000,0x00000000fbb00000,0x00000000fc700000)
 ParOldGen       total 45056K, used 30080K [0x00000000c2400000, 0x00000000c5000000, 0x00000000eb700000)
  object space 45056K, 66% used [0x00000000c2400000,0x00000000c4160148,0x00000000c5000000)
 Metaspace       used 34568K, capacity 35246K, committed 35496K, reserved 1081344K
  class space    used 4283K, capacity 4482K, committed 4528K, reserved 1048576K

Card table byte_map: [0x00007fc7c1d30000,0x00007fc7c1f1f000] byte_map_base: 0x00007fc7c171e000

Marking Bits: (ParMarkBitMap*) 0x00007fc7c4634260
 Begin Bits: [0x00007fc79a120000, 0x00007fc79b090000)
 End Bits:   [0x00007fc79b090000, 0x00007fc79c000000)

Polling page: 0x00007fc7c527b000

CodeCache: size=245760Kb used=14903Kb max_used=14926Kb free=230856Kb
 bounds [0x00007fc7ad000000, 0x00007fc7adeb0000, 0x00007fc7bc000000]
 total_blobs=4775 nmethods=4357 adapters=333
 compilation: enabled

Compilation events (10 events):
Event: 7,627 Thread 0x00007fc7bc0be000 4955       3       org.hibernate.validator.internal.util.ExecutableHelper::overrides (161 bytes)
Event: 7,635 Thread 0x00007fc7bc0be000 nmethod 4955 0x00007fc7ade8ce90 code [0x00007fc7ade8d320, 0x00007fc7ade905d8]
Event: 7,635 Thread 0x00007fc7bc0be000 4953       1       org.hibernate.validator.internal.metadata.raw.ConfigurationSource::getPriority (5 bytes)
Event: 7,635 Thread 0x00007fc7bc0be000 nmethod 4953 0x00007fc7ade32810 code [0x00007fc7ade32960, 0x00007fc7ade32a70]
Event: 7,636 Thread 0x00007fc7bc0b9800 nmethod 4945 0x00007fc7ade9c150 code [0x00007fc7ade9c300, 0x00007fc7ade9d1b8]
Event: 7,636 Thread 0x00007fc7bc0b9800 4371       4       org.springframework.util.ConcurrentReferenceHashMap::get (37 bytes)
Event: 7,640 Thread 0x00007fc7bc0bc000 nmethod 4921 0x00007fc7ade9d890 code [0x00007fc7ade9dce0, 0x00007fc7adea15d8]
Event: 7,640 Thread 0x00007fc7bc0bc000 4372       4       org.springframework.util.ConcurrentReferenceHashMap$Segment::getReference (52 bytes)
Event: 7,641 Thread 0x00007fc7bc0be000 4956       3       sun.reflect.generics.repository.MethodRepository::getReturnType (41 bytes)
Event: 7,642 Thread 0x00007fc7bc0be000 nmethod 4956 0x00007fc7ade31cd0 code [0x00007fc7ade31e80, 0x00007fc7ade325a8]

GC Heap History (10 events):
Event: 2,727 GC heap after
Heap after GC invocations=5 (full 0):
 PSYoungGen      total 66048K, used 2544K [0x00000000eb700000, 0x00000000f4300000, 0x0000000100000000)
  eden space 63488K, 0% used [0x00000000eb700000,0x00000000eb700000,0x00000000ef500000)
  from space 2560K, 99% used [0x00000000ef500000,0x00000000ef77c010,0x00000000ef780000)
  to   space 8192K, 0% used [0x00000000f3b00000,0x00000000f3b00000,0x00000000f4300000)
 ParOldGen       total 42496K, used 12015K [0x00000000c2400000, 0x00000000c4d80000, 0x00000000eb700000)
  object space 42496K, 28% used [0x00000000c2400000,0x00000000c2fbbc38,0x00000000c4d80000)
 Metaspace       used 13709K, capacity 14000K, committed 14080K, reserved 1060864K
  class space    used 1644K, capacity 1760K, committed 1792K, reserved 1048576K
}
Event: 3,193 GC heap before
{Heap before GC invocations=6 (full 0):
 PSYoungGen      total 66048K, used 66032K [0x00000000eb700000, 0x00000000f4300000, 0x0000000100000000)
  eden space 63488K, 100% used [0x00000000eb700000,0x00000000ef500000,0x00000000ef500000)
  from space 2560K, 99% used [0x00000000ef500000,0x00000000ef77c010,0x00000000ef780000)
  to   space 8192K, 0% used [0x00000000f3b00000,0x00000000f3b00000,0x00000000f4300000)
 ParOldGen       total 42496K, used 12015K [0x00000000c2400000, 0x00000000c4d80000, 0x00000000eb700000)
  object space 42496K, 28% used [0x00000000c2400000,0x00000000c2fbbc38,0x00000000c4d80000)
 Metaspace       used 14101K, capacity 14460K, committed 14592K, reserved 1062912K
  class space    used 1647K, capacity 1762K, committed 1792K, reserved 1048576K
Event: 3,218 GC heap after
Heap after GC invocations=6 (full 0):
 PSYoungGen      total 135168K, used 5184K [0x00000000eb700000, 0x00000000f4300000, 0x0000000100000000)
  eden space 126976K, 0% used [0x00000000eb700000,0x00000000eb700000,0x00000000f3300000)
  from space 8192K, 63% used [0x00000000f3b00000,0x00000000f4010020,0x00000000f4300000)
  to   space 8192K, 0% used [0x00000000f3300000,0x00000000f3300000,0x00000000f3b00000)
 ParOldGen       total 42496K, used 12023K [0x00000000c2400000, 0x00000000c4d80000, 0x00000000eb700000)
  object space 42496K, 28% used [0x00000000c2400000,0x00000000c2fbdc38,0x00000000c4d80000)
 Metaspace       used 14101K, capacity 14460K, committed 14592K, reserved 1062912K
  class space    used 1647K, capacity 1762K, committed 1792K, reserved 1048576K
}
Event: 4,450 GC heap before
{Heap before GC invocations=7 (full 0):
 PSYoungGen      total 135168K, used 132160K [0x00000000eb700000, 0x00000000f4300000, 0x0000000100000000)
  eden space 126976K, 100% used [0x00000000eb700000,0x00000000f3300000,0x00000000f3300000)
  from space 8192K, 63% used [0x00000000f3b00000,0x00000000f4010020,0x00000000f4300000)
  to   space 8192K, 0% used [0x00000000f3300000,0x00000000f3300000,0x00000000f3b00000)
 ParOldGen       total 42496K, used 12023K [0x00000000c2400000, 0x00000000c4d80000, 0x00000000eb700000)
  object space 42496K, 28% used [0x00000000c2400000,0x00000000c2fbdc38,0x00000000c4d80000)
 Metaspace       used 18492K, capacity 19108K, committed 19328K, reserved 1067008K
  class space    used 2155K, capacity 2352K, committed 2432K, reserved 1048576K
Event: 4,494 GC heap after
Heap after GC invocations=7 (full 0):
 PSYoungGen      total 135168K, used 8180K [0x00000000eb700000, 0x00000000fc700000, 0x0000000100000000)
  eden space 126976K, 0% used [0x00000000eb700000,0x00000000eb700000,0x00000000f3300000)
  from space 8192K, 99% used [0x00000000f3300000,0x00000000f3afd130,0x00000000f3b00000)
  to   space 12288K, 0% used [0x00000000fbb00000,0x00000000fbb00000,0x00000000fc700000)
 ParOldGen       total 42496K, used 17701K [0x00000000c2400000, 0x00000000c4d80000, 0x00000000eb700000)
  object space 42496K, 41% used [0x00000000c2400000,0x00000000c3549598,0x00000000c4d80000)
 Metaspace       used 18492K, capacity 19108K, committed 19328K, reserved 1067008K
  class space    used 2155K, capacity 2352K, committed 2432K, reserved 1048576K
}
Event: 4,705 GC heap before
{Heap before GC invocations=8 (full 0):
 PSYoungGen      total 135168K, used 22987K [0x00000000eb700000, 0x00000000fc700000, 0x0000000100000000)
  eden space 126976K, 11% used [0x00000000eb700000,0x00000000ec575d28,0x00000000f3300000)
  from space 8192K, 99% used [0x00000000f3300000,0x00000000f3afd130,0x00000000f3b00000)
  to   space 12288K, 0% used [0x00000000fbb00000,0x00000000fbb00000,0x00000000fc700000)
 ParOldGen       total 42496K, used 17701K [0x00000000c2400000, 0x00000000c4d80000, 0x00000000eb700000)
  object space 42496K, 41% used [0x00000000c2400000,0x00000000c3549598,0x00000000c4d80000)
 Metaspace       used 20761K, capacity 21284K, committed 21296K, reserved 1069056K
  class space    used 2445K, capacity 2608K, committed 2608K, reserved 1048576K
Event: 4,755 GC heap after
Heap after GC invocations=8 (full 0):
 PSYoungGen      total 265728K, used 9275K [0x00000000eb700000, 0x00000000fc800000, 0x0000000100000000)
  eden space 253440K, 0% used [0x00000000eb700000,0x00000000eb700000,0x00000000fae80000)
  from space 12288K, 75% used [0x00000000fbb00000,0x00000000fc40eca8,0x00000000fc700000)
  to   space 12800K, 0% used [0x00000000fae80000,0x00000000fae80000,0x00000000fbb00000)
 ParOldGen       total 42496K, used 19007K [0x00000000c2400000, 0x00000000c4d80000, 0x00000000eb700000)
  object space 42496K, 44% used [0x00000000c2400000,0x00000000c368fdc8,0x00000000c4d80000)
 Metaspace       used 20761K, capacity 21284K, committed 21296K, reserved 1069056K
  class space    used 2445K, capacity 2608K, committed 2608K, reserved 1048576K
}
Event: 4,755 GC heap before
{Heap before GC invocations=9 (full 1):
 PSYoungGen      total 265728K, used 9275K [0x00000000eb700000, 0x00000000fc800000, 0x0000000100000000)
  eden space 253440K, 0% used [0x00000000eb700000,0x00000000eb700000,0x00000000fae80000)
  from space 12288K, 75% used [0x00000000fbb00000,0x00000000fc40eca8,0x00000000fc700000)
  to   space 12800K, 0% used [0x00000000fae80000,0x00000000fae80000,0x00000000fbb00000)
 ParOldGen       total 42496K, used 19007K [0x00000000c2400000, 0x00000000c4d80000, 0x00000000eb700000)
  object space 42496K, 44% used [0x00000000c2400000,0x00000000c368fdc8,0x00000000c4d80000)
 Metaspace       used 20761K, capacity 21284K, committed 21296K, reserved 1069056K
  class space    used 2445K, capacity 2608K, committed 2608K, reserved 1048576K
Event: 4,876 GC heap after
Heap after GC invocations=9 (full 1):
 PSYoungGen      total 265728K, used 0K [0x00000000eb700000, 0x00000000fc800000, 0x0000000100000000)
  eden space 253440K, 0% used [0x00000000eb700000,0x00000000eb700000,0x00000000fae80000)
  from space 12288K, 0% used [0x00000000fbb00000,0x00000000fbb00000,0x00000000fc700000)
  to   space 12800K, 0% used [0x00000000fae80000,0x00000000fae80000,0x00000000fbb00000)
 ParOldGen       total 45056K, used 18167K [0x00000000c2400000, 0x00000000c5000000, 0x00000000eb700000)
  object space 45056K, 40% used [0x00000000c2400000,0x00000000c35bdec8,0x00000000c5000000)
 Metaspace       used 20761K, capacity 21284K, committed 21296K, reserved 1069056K
  class space    used 2445K, capacity 2608K, committed 2608K, reserved 1048576K
}
Event: 7,642 GC heap before
{Heap before GC invocations=10 (full 1):
 PSYoungGen      total 265728K, used 245471K [0x00000000eb700000, 0x00000000fc800000, 0x0000000100000000)
  eden space 253440K, 96% used [0x00000000eb700000,0x00000000fa6b7e88,0x00000000fae80000)
  from space 12288K, 0% used [0x00000000fbb00000,0x00000000fbb00000,0x00000000fc700000)
  to   space 12800K, 0% used [0x00000000fae80000,0x00000000fae80000,0x00000000fbb00000)
 ParOldGen       total 45056K, used 18167K [0x00000000c2400000, 0x00000000c5000000, 0x00000000eb700000)
  object space 45056K, 40% used [0x00000000c2400000,0x00000000c35bdec8,0x00000000c5000000)
 Metaspace       used 34568K, capacity 35246K, committed 35496K, reserved 1081344K
  class space    used 4283K, capacity 4482K, committed 4528K, reserved 1048576K

Deoptimization events (10 events):
Event: 7,105 Thread 0x00007fc7bd034800 Uncommon trap: reason=unstable_if action=reinterpret pc=0x00007fc7adc3af7c method=java.util.LinkedList.node(I)Ljava/util/LinkedList$Node; @ 49
Event: 7,263 Thread 0x00007fc7bd034800 Uncommon trap: reason=unstable_if action=reinterpret pc=0x00007fc7addc6fdc method=org.springframework.util.ReflectionUtils.isCglibRenamedMethod(Ljava/lang/reflect/Method;)Z @ 11
Event: 7,282 Thread 0x00007fc7bd034800 Uncommon trap: reason=unstable_if action=reinterpret pc=0x00007fc7ad453228 method=org.springframework.util.ConcurrentReferenceHashMap$Segment.restructureIfNecessary(Z)V @ 15
Event: 7,303 Thread 0x00007fc7bd034800 Uncommon trap: reason=unstable_if action=reinterpret pc=0x00007fc7addb5314 method=org.springframework.asm.Type.getArgumentTypes(Ljava/lang/String;)[Lorg/springframework/asm/Type; @ 58
Event: 7,304 Thread 0x00007fc7bd034800 Uncommon trap: reason=unstable_if action=reinterpret pc=0x00007fc7addbad2c method=org.springframework.asm.Type.getArgumentsAndReturnSizes(Ljava/lang/String;)I @ 88
Event: 7,542 Thread 0x00007fc7bd034800 Uncommon trap: reason=unstable_if action=reinterpret pc=0x00007fc7ad45c89c method=java.lang.reflect.Method.equals(Ljava/lang/Object;)Z @ 1
Event: 7,594 Thread 0x00007fc7bd034800 Uncommon trap: reason=unstable_if action=reinterpret pc=0x00007fc7add9b01c method=org.springframework.asm.ClassReader.readCode(Lorg/springframework/asm/MethodVisitor;Lorg/springframework/asm/Context;I)V @ 799
Event: 7,595 Thread 0x00007fc7bd034800 Uncommon trap: reason=class_check action=maybe_recompile pc=0x00007fc7ade30d98 method=java.util.concurrent.ConcurrentHashMap.putVal(Ljava/lang/Object;Ljava/lang/Object;Z)Ljava/lang/Object; @ 192
Event: 7,600 Thread 0x00007fc7bd034800 Uncommon trap: reason=predicate action=maybe_recompile pc=0x00007fc7ad568bc8 method=sun.net.www.ParseUtil.encodePath(Ljava/lang/String;Z)Ljava/lang/String; @ 36
Event: 7,605 Thread 0x00007fc7bd034800 Uncommon trap: reason=unstable_if action=reinterpret pc=0x00007fc7ad479b8c method=java.util.concurrent.ConcurrentHashMap.get(Ljava/lang/Object;)Ljava/lang/Object; @ 152

Internal exceptions (10 events):
Event: 7,427 Thread 0x00007fc7bd034800 Exception <a 'java/lang/ClassNotFoundException': org/springframework/boot/autoconfigure/websocket/TomcatWebSocketContainerCustomizerCustomizer> (0x00000000f9ad01e0) thrown at [/HUDSON3/workspace/8-2-build-linux-amd64/jdk8u74/6087/hotspot/src/share/vm/clas
Event: 7,430 Thread 0x00007fc7bd034800 Exception <a 'java/lang/ClassNotFoundException': java/lang/ObjectCustomizer> (0x00000000f9af54e8) thrown at [/HUDSON3/workspace/8-2-build-linux-amd64/jdk8u74/6087/hotspot/src/share/vm/classfile/systemDictionary.cpp, line 210]
Event: 7,431 Thread 0x00007fc7bd034800 Exception <a 'java/lang/ClassNotFoundException': org/springframework/boot/autoconfigure/web/ErrorMvcAutoConfigurationCustomizer> (0x00000000f9b0b170) thrown at [/HUDSON3/workspace/8-2-build-linux-amd64/jdk8u74/6087/hotspot/src/share/vm/classfile/systemDic
Event: 7,431 Thread 0x00007fc7bd034800 Exception <a 'java/lang/ClassNotFoundException': org/springframework/boot/autoconfigure/web/ErrorMvcAutoConfiguration$$EnhancerBySpringCGLIB$$858da234Customizer> (0x00000000f9b25328) thrown at [/HUDSON3/workspace/8-2-build-linux-amd64/jdk8u74/6087/hotspot
Event: 7,437 Thread 0x00007fc7bd034800 Exception <a 'java/lang/ClassNotFoundException': java/lang/ObjectCustomizer> (0x00000000f9b54350) thrown at [/HUDSON3/workspace/8-2-build-linux-amd64/jdk8u74/6087/hotspot/src/share/vm/classfile/systemDictionary.cpp, line 210]
Event: 7,437 Thread 0x00007fc7bd034800 Exception <a 'java/lang/ClassNotFoundException': org/springframework/boot/autoconfigure/web/ServerPropertiesAutoConfigurationCustomizer> (0x00000000f9b6b2e8) thrown at [/HUDSON3/workspace/8-2-build-linux-amd64/jdk8u74/6087/hotspot/src/share/vm/classfile/s
Event: 7,438 Thread 0x00007fc7bd034800 Exception <a 'java/lang/ClassNotFoundException': org/springframework/boot/autoconfigure/web/ServerPropertiesAutoConfiguration$$EnhancerBySpringCGLIB$$84af0890Customizer> (0x00000000f9b85cd0) thrown at [/HUDSON3/workspace/8-2-build-linux-amd64/jdk8u74/6087
Event: 7,460 Thread 0x00007fc7bd034800 Exception <a 'java/lang/ClassNotFoundException': java/lang/ObjectCustomizer> (0x00000000f9cca580) thrown at [/HUDSON3/workspace/8-2-build-linux-amd64/jdk8u74/6087/hotspot/src/share/vm/classfile/systemDictionary.cpp, line 210]
Event: 7,461 Thread 0x00007fc7bd034800 Exception <a 'java/lang/ClassNotFoundException': org/springframework/boot/autoconfigure/web/ServerPropertiesCustomizer> (0x00000000f9cdeee0) thrown at [/HUDSON3/workspace/8-2-build-linux-amd64/jdk8u74/6087/hotspot/src/share/vm/classfile/systemDictionary.c
Event: 7,542 Thread 0x00007fc7bd034800 Implicit null exception at 0x00007fc7ad45c80c to 0x00007fc7ad45c889

Events (10 events):
Event: 7,638 loading class com/fasterxml/classmate/AnnotationInclusion done
Event: 7,639 loading class com/fasterxml/classmate/ResolvedTypeWithMembers$AnnotationHandler
Event: 7,639 loading class com/fasterxml/classmate/ResolvedTypeWithMembers$AnnotationHandler done
Event: 7,639 loading class org/hibernate/validator/internal/util/privilegedactions/GetResolvedMemberMethods
Event: 7,639 loading class org/hibernate/validator/internal/util/privilegedactions/GetResolvedMemberMethods done
Event: 7,640 loading class com/fasterxml/classmate/util/MethodKey
Event: 7,640 loading class com/fasterxml/classmate/util/MethodKey done
Event: 7,640 loading class com/fasterxml/classmate/Annotations
Event: 7,640 loading class com/fasterxml/classmate/Annotations done
Event: 7,642 Executing VM operation: CollectForMetadataAllocation


Dynamic libraries:
00400000-00401000 r-xp 00000000 08:03 3173167                            /usr/lib/jvm/java-8-oracle/bin/java
00600000-00601000 rw-p 00000000 08:03 3173167                            /usr/lib/jvm/java-8-oracle/bin/java
01a98000-01ab9000 rw-p 00000000 00:00 0                                  [heap]
c2400000-c5000000 rw-p 00000000 00:00 0 
c5000000-eb700000 ---p 00000000 00:00 0 
eb700000-fc800000 rw-p 00000000 00:00 0 
100000000-10046c000 rw-p 00000000 00:00 0 
10046c000-140000000 ---p 00000000 00:00 0 
7fc764000000-7fc7641c5000 rw-p 00000000 00:00 0 
7fc7641c5000-7fc768000000 ---p 00000000 00:00 0 
7fc76b800000-7fc76b83e000 rw-p 00000000 00:00 0 
7fc76b83e000-7fc76ba00000 ---p 00000000 00:00 0 
7fc76ba00000-7fc76bc00000 rw-p 00000000 00:00 0 
7fc76bc00000-7fc76be00000 rw-p 00000000 00:00 0 
7fc76be00000-7fc76c000000 rw-p 00000000 00:00 0 
7fc76c000000-7fc76c021000 rw-p 00000000 00:00 0 
7fc76c021000-7fc770000000 ---p 00000000 00:00 0 
7fc770000000-7fc7707e6000 rw-p 00000000 00:00 0 
7fc7707e6000-7fc774000000 ---p 00000000 00:00 0 
7fc774000000-7fc774021000 rw-p 00000000 00:00 0 
7fc774021000-7fc778000000 ---p 00000000 00:00 0 
7fc778000000-7fc778021000 rw-p 00000000 00:00 0 
7fc778021000-7fc77c000000 ---p 00000000 00:00 0 
7fc77c000000-7fc77cec1000 rw-p 00000000 00:00 0 
7fc77cec1000-7fc780000000 ---p 00000000 00:00 0 
7fc780000000-7fc780968000 rw-p 00000000 00:00 0 
7fc780968000-7fc784000000 ---p 00000000 00:00 0 
7fc784000000-7fc784021000 rw-p 00000000 00:00 0 
7fc784021000-7fc788000000 ---p 00000000 00:00 0 
7fc788000000-7fc789265000 rw-p 00000000 00:00 0 
7fc789265000-7fc78c000000 ---p 00000000 00:00 0 
7fc78c000000-7fc78c021000 rw-p 00000000 00:00 0 
7fc78c021000-7fc790000000 ---p 00000000 00:00 0 
7fc790000000-7fc790021000 rw-p 00000000 00:00 0 
7fc790021000-7fc794000000 ---p 00000000 00:00 0 
7fc794000000-7fc79442c000 rw-p 00000000 00:00 0 
7fc79442c000-7fc798000000 ---p 00000000 00:00 0 
7fc79806e000-7fc79806f000 rw-p 00000000 00:00 0 
7fc79806f000-7fc798081000 r--s 00345000 08:03 3173390                    /usr/lib/jvm/java-8-oracle/jre/lib/resources.jar
7fc798081000-7fc798117000 r--s 01102000 08:03 3277187                    /usr/lib/jvm/java-8-oracle/jre/lib/ext/jfxrt.jar
7fc798117000-7fc798317000 rw-p 00000000 00:00 0 
7fc798317000-7fc79831d000 r--s 002f8000 08:03 3173337                    /usr/lib/jvm/java-8-oracle/jre/lib/charsets.jar
7fc79831d000-7fc79851d000 rw-p 00000000 00:00 0 
7fc79851d000-7fc798520000 ---p 00000000 00:00 0 
7fc798520000-7fc79881e000 rw-p 00000000 00:00 0 
7fc79881e000-7fc798a1e000 rw-p 00000000 00:00 0 
7fc798a1e000-7fc798a27000 r-xp 00000000 08:03 3277270                    /usr/lib/jvm/java-8-oracle/jre/lib/amd64/libmanagement.so
7fc798a27000-7fc798c26000 ---p 00009000 08:03 3277270                    /usr/lib/jvm/java-8-oracle/jre/lib/amd64/libmanagement.so
7fc798c26000-7fc798c27000 rw-p 00008000 08:03 3277270                    /usr/lib/jvm/java-8-oracle/jre/lib/amd64/libmanagement.so
7fc798c27000-7fc798c30000 r--s 00046000 08:03 2885329                    /home/kostas/.m2/repository/com/fasterxml/jackson/dataformat/jackson-dataformat-yaml/2.6.5/jackson-dataformat-yaml-2.6.5.jar
7fc798c30000-7fc798c32000 r--s 0000f000 08:03 2759010                    /home/kostas/.m2/repository/org/jboss/logging/jboss-logging/3.3.0.Final/jboss-logging-3.3.0.Final.jar
7fc798c32000-7fc798c4b000 r--s 000f3000 08:03 2759027                    /home/kostas/.m2/repository/org/springframework/spring-context/4.2.5.RELEASE/spring-context-4.2.5.RELEASE.jar
7fc798c4b000-7fc798c5c000 r--s 000c6000 08:03 2759029                    /home/kostas/.m2/repository/org/springframework/spring-webmvc/4.2.5.RELEASE/spring-webmvc-4.2.5.RELEASE.jar
7fc798c5c000-7fc798c5e000 r--s 00003000 08:03 2758985                    /home/kostas/.m2/repository/org/slf4j/jcl-over-slf4j/1.7.16/jcl-over-slf4j-1.7.16.jar
7fc798c5e000-7fc798c62000 r--s 0000c000 08:03 2759007                    /home/kostas/.m2/repository/javax/validation/validation-api/1.1.0.Final/validation-api-1.1.0.Final.jar
7fc798c62000-7fc798c77000 r--s 000dd000 08:03 2885191                    /home/kostas/.m2/repository/org/apache/logging/log4j/log4j-core/2.4.1/log4j-core-2.4.1.jar
7fc798c77000-7fc798c78000 r--s 00000000 08:03 2758994                    /home/kostas/.m2/repository/org/springframework/boot/spring-boot-starter-tomcat/1.3.3.RELEASE/spring-boot-starter-tomcat-1.3.3.RELEASE.jar
7fc798c78000-7fc798c82000 r--s 0008a000 08:03 2759574                    /home/kostas/.m2/repository/org/mongodb/mongo-java-driver/2.13.3/mongo-java-driver-2.13.3.jar
7fc798c82000-7fc798c88000 r--s 00037000 08:03 2759001                    /home/kostas/.m2/repository/org/apache/tomcat/embed/tomcat-embed-websocket/8.0.32/tomcat-embed-websocket-8.0.32.jar
7fc798c88000-7fc798c95000 r--s 00061000 08:03 2759035                    /home/kostas/.m2/repository/org/springframework/boot/spring-boot-actuator/1.3.3.RELEASE/spring-boot-actuator-1.3.3.RELEASE.jar
7fc798c95000-7fc798c96000 r--s 00000000 08:03 2759033                    /home/kostas/.m2/repository/org/springframework/boot/spring-boot-starter-actuator/1.3.3.RELEASE/spring-boot-starter-actuator-1.3.3.RELEASE.jar
7fc798c96000-7fc798c97000 r--s 00000000 08:03 2759003                    /home/kostas/.m2/repository/org/springframework/boot/spring-boot-starter-validation/1.3.3.RELEASE/spring-boot-starter-validation-1.3.3.RELEASE.jar
7fc798c97000-7fc798ca8000 r--s 000ab000 08:03 2759019                    /home/kostas/.m2/repository/org/springframework/spring-web/4.2.5.RELEASE/spring-web-4.2.5.RELEASE.jar
7fc798ca8000-7fc798ca9000 r--s 00000000 08:03 2758974                    /home/kostas/.m2/repository/org/springframework/boot/spring-boot-starter/1.3.3.RELEASE/spring-boot-starter-1.3.3.RELEASE.jar
7fc798ca9000-7fc798cac000 r--s 00020000 08:03 2885190                    /home/kostas/.m2/repository/org/apache/logging/log4j/log4j-api/2.4.1/log4j-api-2.4.1.jar
7fc798cac000-7fc798cad000 r--s 00005000 08:03 2885192                    /home/kostas/.m2/repository/org/apache/logging/log4j/log4j-slf4j-impl/2.4.1/log4j-slf4j-impl-2.4.1.jar
7fc798cad000-7fc798cbb000 r--s 00078000 08:03 2758977                    /home/kostas/.m2/repository/org/springframework/boot/spring-boot/1.3.3.RELEASE/spring-boot-1.3.3.RELEASE.jar
7fc798cbb000-7fc798cbd000 r--s 0000e000 08:03 2759011                    /home/kostas/.m2/repository/com/fasterxml/classmate/1.1.0/classmate-1.1.0.jar
7fc798cbd000-7fc798cbe000 r--s 00009000 08:03 2758983                    /home/kostas/.m2/repository/org/slf4j/slf4j-api/1.7.16/slf4j-api-1.7.16.jar
7fc798cbe000-7fc798cbf000 r--s 00000000 08:03 2766095                    /home/kostas/.m2/repository/org/springframework/boot/spring-boot-starter-data-mongodb/1.3.3.RELEASE/spring-boot-starter-data-mongodb-1.3.3.RELEASE.jar
7fc798cbf000-7fc798cc2000 r--s 00009000 08:03 2759015                    /home/kostas/.m2/repository/com/fasterxml/jackson/core/jackson-annotations/2.6.5/jackson-annotations-2.6.5.jar
7fc798cc2000-7fc798cc6000 r--s 0003c000 08:03 2759017                    /home/kostas/.m2/repository/com/fasterxml/jackson/core/jackson-core/2.6.5/jackson-core-2.6.5.jar
7fc798cc6000-7fc798cd5000 r--s 0008d000 08:03 2759573                    /home/kostas/.m2/repository/org/springframework/data/spring-data-commons/1.11.4.RELEASE/spring-data-commons-1.11.4.RELEASE.jar
7fc798cd5000-7fc798ce6000 r--s 0010d000 08:03 2759013                    /home/kostas/.m2/repository/com/fasterxml/jackson/core/jackson-databind/2.6.5/jackson-databind-2.6.5.jar
7fc798ce6000-7fc798cf3000 r--s 000a6000 08:03 2759025                    /home/kostas/.m2/repository/org/springframework/spring-beans/4.2.5.RELEASE/spring-beans-4.2.5.RELEASE.jar
7fc798cf3000-7fc798d03000 r--s 0009c000 08:03 2759006                    /home/kostas/.m2/repository/org/hibernate/hibernate-validator/5.2.4.Final/hibernate-validator-5.2.4.Final.jar
7fc798d03000-7fc798d1a000 r--s 000a2000 08:03 2758976                    /home/kostas/.m2/repository/org/springframework/boot/spring-boot-autoconfigure/1.3.3.RELEASE/spring-boot-autoconfigure-1.3.3.RELEASE.jar
7fc798d1a000-7fc798d23000 r--s 00052000 08:03 2759021                    /home/kostas/.m2/repository/org/springframework/spring-aop/4.2.5.RELEASE/spring-aop-4.2.5.RELEASE.jar
7fc798d23000-7fc798d25000 r--s 00000000 08:03 2758987                    /home/kostas/.m2/repository/org/slf4j/jul-to-slf4j/1.7.16/jul-to-slf4j-1.7.16.jar
7fc798d25000-7fc798d26000 r--s 00000000 08:03 2758973                    /home/kostas/.m2/repository/org/springframework/boot/spring-boot-starter-web/1.3.3.RELEASE/spring-boot-starter-web-1.3.3.RELEASE.jar
7fc798d26000-7fc798d2d000 r--s 0003a000 08:03 2759572                    /home/kostas/.m2/repository/org/springframework/spring-tx/4.2.5.RELEASE/spring-tx-4.2.5.RELEASE.jar
7fc798d2d000-7fc798d52000 r--s 00290000 08:03 2758996                    /home/kostas/.m2/repository/org/apache/tomcat/embed/tomcat-embed-core/8.0.32/tomcat-embed-core-8.0.32.jar
7fc798d52000-7fc798d61000 r--s 00092000 08:03 2759575                    /home/kostas/.m2/repository/org/springframework/data/spring-data-mongodb/1.8.4.RELEASE/spring-data-mongodb-1.8.4.RELEASE.jar
7fc798d61000-7fc798d67000 r--s 0003c000 08:03 2509168                    /home/kostas/.m2/repository/org/yaml/snakeyaml/1.16/snakeyaml-1.16.jar
7fc798d67000-7fc798d6c000 r--s 00036000 08:03 2758997                    /home/kostas/.m2/repository/org/apache/tomcat/embed/tomcat-embed-el/8.0.32/tomcat-embed-el-8.0.32.jar
7fc798d6c000-7fc798d8e000 r--s 00120000 08:03 2758372                    /home/kostas/.m2/repository/javax/javaee-web-api/7.0/javaee-web-api-7.0.jar
7fc798d8e000-7fc798d8f000 r--s 00000000 08:03 2885188                    /home/kostas/.m2/repository/org/springframework/boot/spring-boot-starter-log4j2/1.3.3.RELEASE/spring-boot-starter-log4j2-1.3.3.RELEASE.jar
7fc798d8f000-7fc798d94000 r--s 0003c000 08:03 2759031                    /home/kostas/.m2/repository/org/springframework/spring-expression/4.2.5.RELEASE/spring-expression-4.2.5.RELEASE.jar
7fc798d94000-7fc798d95000 r--s 00009000 08:03 2758999                    /home/kostas/.m2/repository/org/apache/tomcat/embed/tomcat-embed-logging-juli/8.0.32/tomcat-embed-logging-juli-8.0.32.jar
7fc798d95000-7fc798d98000 ---p 00000000 00:00 0 
7fc798d98000-7fc799096000 rw-p 00000000 00:00 0                          [stack:9297]
7fc799096000-7fc7990c1000 r--s 001fc000 08:03 2884460                    /home/kostas/.m2/repository/com/google/guava/guava/18.0/guava-18.0.jar
7fc7990c1000-7fc7990c2000 r--s 00008000 08:03 2758114                    /home/kostas/.m2/repository/asm/asm-util/3.2/asm-util-3.2.jar
7fc7990c2000-7fc7990c3000 r--s 00004000 08:03 2758116                    /home/kostas/.m2/repository/asm/asm-analysis/3.2/asm-analysis-3.2.jar
7fc7990c3000-7fc7990c6000 r--s 00013000 08:03 2884458                    /home/kostas/.m2/repository/commons-io/commons-io/1.3.2/commons-io-1.3.2.jar
7fc7990c6000-7fc7990c7000 r--s 00002000 08:03 2884455                    /home/kostas/.m2/repository/org/vafer/jdependency/0.7/jdependency-0.7.jar
7fc7990c7000-7fc7990ca000 r--s 0000c000 08:03 2767169                    /home/kostas/.m2/repository/org/apache/maven/shared/maven-dependency-tree/2.1/maven-dependency-tree-2.1.jar
7fc7990ca000-7fc7990cd000 r--s 00023000 08:03 2884452                    /home/kostas/.m2/repository/org/jdom/jdom/1.1/jdom-1.1.jar
7fc7990cd000-7fc7990cf000 r--s 00004000 08:03 2884453                    /home/kostas/.m2/repository/asm/asm-tree/3.3.1/asm-tree-3.3.1.jar
7fc7990cf000-7fc7990d1000 r--s 00008000 08:03 2884449                    /home/kostas/.m2/repository/asm/asm-commons/3.3.1/asm-commons-3.3.1.jar
7fc7990d1000-7fc7990dc000 r--s 00069000 08:03 2884448                    /home/kostas/.m2/repository/org/sonatype/sisu/sisu-guice/2.1.7/sisu-guice-2.1.7-noaop.jar
7fc7990dc000-7fc7990e1000 r--s 00021000 08:03 2884445                    /home/kostas/.m2/repository/org/sonatype/sisu/sisu-inject-bean/1.4.2/sisu-inject-bean-1.4.2.jar
7fc7990e1000-7fc7990e3000 r--s 00017000 08:03 2509325                    /home/kostas/.m2/repository/org/apache/maven/plugins/maven-shade-plugin/2.2/maven-shade-plugin-2.2.jar
7fc7990e3000-7fc7990e7000 r--s 00038000 08:03 2884442                    /home/kostas/.m2/repository/org/codehaus/plexus/plexus-utils/3.0.20/plexus-utils-3.0.20.jar
7fc7990e7000-7fc7990ee000 r--s 00056000 08:03 2884441                    /home/kostas/.m2/repository/org/apache/commons/commons-compress/1.9/commons-compress-1.9.jar
7fc7990ee000-7fc7990f2000 r--s 0000f000 08:03 2884439                    /home/kostas/.m2/repository/org/codehaus/plexus/plexus-io/2.3.2/plexus-io-2.3.2.jar
7fc7990f2000-7fc7990f6000 r--s 0001f000 08:03 2641897                    /home/kostas/.m2/repository/org/codehaus/plexus/plexus-archiver/2.8.1/plexus-archiver-2.8.1.jar
7fc7990f6000-7fc7990f8000 r--s 00009000 08:03 2767067                    /home/kostas/.m2/repository/org/hamcrest/hamcrest-core/1.3/hamcrest-core-1.3.jar
7fc7990f8000-7fc799100000 r--s 00045000 08:03 2884436                    /home/kostas/.m2/repository/junit/junit/4.12/junit-4.12.jar
7fc799100000-7fc799109000 r--s 0006f000 08:03 2884433                    /home/kostas/.m2/repository/log4j/log4j/1.2.17/log4j-1.2.17.jar
7fc799109000-7fc79910b000 r--s 00002000 08:03 2758100                    /home/kostas/.m2/repository/org/sonatype/plexus/plexus-cipher/1.4/plexus-cipher-1.4.jar
7fc79910b000-7fc79910c000 r--s 00006000 08:03 2758098                    /home/kostas/.m2/repository/org/sonatype/plexus/plexus-sec-dispatcher/1.3/plexus-sec-dispatcher-1.3.jar
7fc79910c000-7fc799112000 r--s 00042000 08:03 2884434                    /home/kostas/.m2/repository/org/eclipse/sisu/org.eclipse.sisu.inject/0.0.0.M5/org.eclipse.sisu.inject-0.0.0.M5.jar
7fc799112000-7fc799114000 r--s 00000000 08:03 2759023                    /home/kostas/.m2/repository/aopalliance/aopalliance/1.0/aopalliance-1.0.jar
7fc799114000-7fc79911c000 r--s 00050000 08:03 2884430                    /home/kostas/.m2/repository/org/sonatype/sisu/sisu-guice/3.1.0/sisu-guice-3.1.0-no_aop.jar
7fc79911c000-7fc79911d000 r--s 00000000 08:03 2884429                    /home/kostas/.m2/repository/javax/inject/javax.inject/1/javax.inject-1.jar
7fc79911d000-7fc79911e000 r--s 00001000 08:03 2884425                    /home/kostas/.m2/repository/javax/annotation/jsr250-api/1.0/jsr250-api-1.0.jar
7fc79911e000-7fc799121000 r--s 00008000 08:03 2884426                    /home/kostas/.m2/repository/javax/enterprise/cdi-api/1.0/cdi-api-1.0.jar
7fc799121000-7fc799127000 r--s 0002a000 08:03 2884423                    /home/kostas/.m2/repository/org/eclipse/sisu/org.eclipse.sisu.plexus/0.0.0.M5/org.eclipse.sisu.plexus-0.0.0.M5.jar
7fc799127000-7fc79912b000 r--s 00020000 08:03 2884421                    /home/kostas/.m2/repository/org/eclipse/aether/aether-util/1.0.2.v20150114/aether-util-1.0.2.v20150114.jar
7fc79912b000-7fc799130000 r--s 0001d000 08:03 2884419                    /home/kostas/.m2/repository/org/eclipse/aether/aether-api/1.0.2.v20150114/aether-api-1.0.2.v20150114.jar
7fc799130000-7fc799134000 r--s 00027000 08:03 2884417                    /home/kostas/.m2/repository/org/eclipse/aether/aether-impl/1.0.2.v20150114/aether-impl-1.0.2.v20150114.jar
7fc799134000-7fc799136000 r--s 00006000 08:03 2884414                    /home/kostas/.m2/repository/org/eclipse/aether/aether-spi/1.0.2.v20150114/aether-spi-1.0.2.v20150114.jar
7fc799136000-7fc799139000 r--s 0000d000 08:03 2884410                    /home/kostas/.m2/repository/org/codehaus/plexus/plexus-interpolation/1.21/plexus-interpolation-1.21.jar
7fc799139000-7fc79913d000 r--s 00026000 08:03 2884411                    /home/kostas/.m2/repository/org/apache/maven/shared/maven-shared-utils/0.7/maven-shared-utils-0.7.jar
7fc79913d000-7fc79913e000 r--s 00005000 08:03 2884412                    /home/kostas/.m2/repository/org/apache/maven/maven-archiver/2.6/maven-archiver-2.6.jar
7fc79913e000-7fc799140000 r--s 0000e000 08:03 2884413                    /home/kostas/.m2/repository/commons-logging/commons-logging/1.2/commons-logging-1.2.jar
7fc799140000-7fc799156000 r--s 000f2000 08:03 2758992                    /home/kostas/.m2/repository/org/springframework/spring-core/4.2.5.RELEASE/spring-core-4.2.5.RELEASE.jar
7fc799156000-7fc799158000 r--s 0001f000 08:03 2884408                    /home/kostas/.m2/repository/org/springframework/boot/spring-boot-loader-tools/1.3.3.RELEASE/spring-boot-loader-tools-1.3.3.RELEASE.jar
7fc799158000-7fc79915a000 r--s 0000d000 08:03 2884082                    /home/kostas/.m2/repository/org/springframework/boot/spring-boot-maven-plugin/1.3.3.RELEASE/spring-boot-maven-plugin-1.3.3.RELEASE.jar
7fc79915a000-7fc79915d000 r--s 0001b000 08:03 2766973                    /home/kostas/.m2/repository/junit/junit/3.8.2/junit-3.8.2.jar
7fc79915d000-7fc79916b000 r--s 0008f000 08:03 2766972                    /home/kostas/.m2/repository/com/google/collections/google-collections/1.0/google-collections-1.0.jar
7fc79916b000-7fc79916c000 r--s 0000a000 08:03 2766970                    /home/kostas/.m2/repository/commons-logging/commons-logging-api/1.1/commons-logging-api-1.1.jar
7fc79916c000-7fc799173000 r--s 00051000 08:03 2766966                    /home/kostas/.m2/repository/log4j/log4j/1.2.12/log4j-1.2.12.jar
7fc799173000-7fc799177000 r--s 0001d000 08:03 2766965                    /home/kostas/.m2/repository/org/apache/xbean/xbean-reflect/3.4/xbean-reflect-3.4.jar
7fc799177000-7fc799178000 r--s 00004000 08:03 2766967                    /home/kostas/.m2/repository/org/codehaus/plexus/plexus-compiler-javac/2.2/plexus-compiler-javac-2.2.jar
7fc799178000-7fc79917a000 r--s 00000000 08:03 2766960                    /home/kostas/.m2/repository/org/codehaus/plexus/plexus-compiler-manager/2.2/plexus-compiler-manager-2.2.jar
7fc79917a000-7fc79917c000 r--s 00005000 08:03 2766959                    /home/kostas/.m2/repository/org/codehaus/plexus/plexus-compiler-api/2.2/plexus-compiler-api-2.2.jar
7fc79917c000-7fc79917e000 r--s 00002000 08:03 2766958                    /home/kostas/.m2/repository/org/apache/maven/shared/maven-shared-incremental/1.1/maven-shared-incremental-1.1.jar
7fc79917e000-7fc799180000 r--s 00006000 08:03 2766956                    /home/kostas/.m2/repository/com/google/code/findbugs/jsr305/2.0.1/jsr305-2.0.1.jar
7fc799180000-7fc799183000 r--s 00023000 08:03 2766964                    /home/kostas/.m2/repository/org/apache/maven/shared/maven-shared-utils/0.1/maven-shared-utils-0.1.jar
7fc799183000-7fc799187000 r--s 00030000 08:03 2766955                    /home/kostas/.m2/repository/org/codehaus/plexus/plexus-utils/1.5.1/plexus-utils-1.5.1.jar
7fc799187000-7fc799189000 r--s 00009000 08:03 2758405                    /home/kostas/.m2/repository/org/apache/maven/plugins/maven-compiler-plugin/3.1/maven-compiler-plugin-3.1.jar
7fc799189000-7fc79918b000 r--s 0000d000 08:03 2766897                    /home/kostas/.m2/repository/org/codehaus/plexus/plexus-interpolation/1.13/plexus-interpolation-1.13.jar
7fc79918b000-7fc79918c000 r--s 00001000 08:03 2766893                    /home/kostas/.m2/repository/org/sonatype/plexus/plexus-build-api/0.0.4/plexus-build-api-0.0.4.jar
7fc79918c000-7fc79918e000 r--s 00009000 08:03 2766895                    /home/kostas/.m2/repository/org/apache/maven/shared/maven-filtering/1.1/maven-filtering-1.1.jar
7fc79918e000-7fc799192000 r--s 00033000 08:03 2766889                    /home/kostas/.m2/repository/org/codehaus/plexus/plexus-utils/2.0.5/plexus-utils-2.0.5.jar
7fc799192000-7fc799193000 r--s 00001000 08:03 2766890                    /home/kostas/.m2/repository/org/apache/maven/doxia/doxia-sink-api/1.0-alpha-7/doxia-sink-api-1.0-alpha-7.jar
7fc799193000-7fc799194000 r--s 00002000 08:03 2766891                    /home/kostas/.m2/repository/org/apache/maven/reporting/maven-reporting-api/2.0.6/maven-reporting-api-2.0.6.jar
7fc799194000-7fc799196000 r--s 00006000 08:03 2766076                    /home/kostas/.m2/repository/org/apache/maven/plugins/maven-resources-plugin/2.6/maven-resources-plugin-2.6.jar
7fc799196000-7fc7991a4000 r--s 0007f000 08:03 2758104                    /home/kostas/.m2/repository/commons-collections/commons-collections/3.2.1/commons-collections-3.2.1.jar
7fc7991a4000-7fc7991a9000 r--s 00041000 08:03 2766825                    /home/kostas/.m2/repository/commons-lang/commons-lang/2.6/commons-lang-2.6.jar
7fc7991a9000-7fc7991ab000 r--s 00006000 08:03 2766823                    /home/kostas/.m2/repository/org/apache/maven/shared/maven-invoker/2.0.11/maven-invoker-2.0.11.jar
7fc7991ab000-7fc7991ad000 r--s 00006000 08:03 2766821                    /home/kostas/.m2/repository/org/apache/maven/shared/maven-common-artifact-filters/1.4/maven-common-artifact-filters-1.4.jar
7fc7991ad000-7fc7991af000 r--s 0000c000 08:03 2766817                    /home/kostas/.m2/repository/org/apache/maven/shared/maven-dependency-tree/2.0/maven-dependency-tree-2.0.jar
7fc7991af000-7fc7991b1000 r--s 00000000 08:03 2758056                    /home/kostas/.m2/repository/org/codehaus/plexus/plexus-component-annotations/1.5.5/plexus-component-annotations-1.5.5.jar
7fc7991b1000-7fc7991b2000 r--s 0000a000 08:03 2766819                    /home/kostas/.m2/repository/asm/asm/3.3.1/asm-3.3.1.jar
7fc7991b2000-7fc7991b4000 r--s 00005000 08:03 2766816                    /home/kostas/.m2/repository/org/apache/maven/shared/maven-dependency-analyzer/1.3/maven-dependency-analyzer-1.3.jar
7fc7991b4000-7fc7991b7000 r--s 0000c000 08:03 2766812                    /home/kostas/.m2/repository/org/codehaus/plexus/plexus-io/2.0.6/plexus-io-2.0.6.jar
7fc7991b7000-7fc7991ba000 r--s 0001b000 08:03 2766810                    /home/kostas/.m2/repository/junit/junit/3.8.1/junit-3.8.1.jar
7fc7991ba000-7fc7993ba000 rw-p 00000000 00:00 0 
7fc7993ba000-7fc7993cb000 r-xp 00000000 08:03 3277237                    /usr/lib/jvm/java-8-oracle/jre/lib/amd64/libnio.so
7fc7993cb000-7fc7995ca000 ---p 00011000 08:03 3277237                    /usr/lib/jvm/java-8-oracle/jre/lib/amd64/libnio.so
7fc7995ca000-7fc7995cb000 rw-p 00010000 08:03 3277237                    /usr/lib/jvm/java-8-oracle/jre/lib/amd64/libnio.so
7fc7995cb000-7fc7995e1000 r-xp 00000000 08:03 3277297                    /usr/lib/jvm/java-8-oracle/jre/lib/amd64/libnet.so
7fc7995e1000-7fc7997e1000 ---p 00016000 08:03 3277297                    /usr/lib/jvm/java-8-oracle/jre/lib/amd64/libnet.so
7fc7997e1000-7fc7997e2000 rw-p 00016000 08:03 3277297                    /usr/lib/jvm/java-8-oracle/jre/lib/amd64/libnet.so
7fc7997e2000-7fc7999e2000 rw-p 00000000 00:00 0 
7fc7999e2000-7fc7999e5000 ---p 00000000 00:00 0 
7fc7999e5000-7fc799c1b000 rw-p 00000000 00:00 0                          [stack:9296]
7fc799c1b000-7fc799c1c000 ---p 00000000 00:00 0 
7fc799c1c000-7fc799d1c000 rw-p 00000000 00:00 0                          [stack:9294]
7fc799d1c000-7fc799d1f000 ---p 00000000 00:00 0 
7fc799d1f000-7fc799e1d000 rw-p 00000000 00:00 0                          [stack:9293]
7fc799e1d000-7fc799e20000 ---p 00000000 00:00 0 
7fc799e20000-7fc799f1e000 rw-p 00000000 00:00 0                          [stack:9292]
7fc799f1e000-7fc799f21000 ---p 00000000 00:00 0 
7fc799f21000-7fc79a01f000 rw-p 00000000 00:00 0                          [stack:9291]
7fc79a01f000-7fc79a022000 ---p 00000000 00:00 0 
7fc79a022000-7fc79c000000 rw-p 00000000 00:00 0                          [stack:9290]
7fc79c000000-7fc79c021000 rw-p 00000000 00:00 0 
7fc79c021000-7fc7a0000000 ---p 00000000 00:00 0 
7fc7a0000000-7fc7a002d000 rw-p 00000000 00:00 0 
7fc7a002d000-7fc7a4000000 ---p 00000000 00:00 0 
7fc7a4000000-7fc7a4021000 rw-p 00000000 00:00 0 
7fc7a4021000-7fc7a8000000 ---p 00000000 00:00 0 
7fc7a8000000-7fc7a8021000 rw-p 00000000 00:00 0 
7fc7a8021000-7fc7ac000000 ---p 00000000 00:00 0 
7fc7ac000000-7fc7ac002000 r--s 00008000 08:03 2766808                    /home/kostas/.m2/repository/org/apache/maven/shared/maven-shared-io/1.1/maven-shared-io-1.1.jar
7fc7ac002000-7fc7ac004000 r--s 00008000 08:03 2766806                    /home/kostas/.m2/repository/org/apache/maven/shared/file-management/1.2.1/file-management-1.2.1.jar
7fc7ac004000-7fc7ac008000 r--s 00035000 08:03 2766807                    /home/kostas/.m2/repository/org/codehaus/plexus/plexus-utils/3.0.9/plexus-utils-3.0.9.jar
7fc7ac008000-7fc7ac00d000 r--s 00029000 08:03 2766801                    /home/kostas/.m2/repository/org/codehaus/plexus/plexus-archiver/2.2/plexus-archiver-2.2.jar
7fc7ac00d000-7fc7ac00f000 r--s 00004000 08:03 2766800                    /home/kostas/.m2/repository/org/apache/maven/doxia/doxia-module-xhtml/1.0/doxia-module-xhtml-1.0.jar
7fc7ac00f000-7fc7ac010000 r--s 00006000 08:03 2766798                    /home/kostas/.m2/repository/org/apache/maven/doxia/doxia-module-xdoc/1.0/doxia-module-xdoc-1.0.jar
7fc7ac010000-7fc7ac011000 r--s 00004000 08:03 2766802                    /home/kostas/.m2/repository/org/apache/maven/doxia/doxia-module-fml/1.0/doxia-module-fml-1.0.jar
7fc7ac011000-7fc7ac013000 r--s 0000a000 08:03 2766796                    /home/kostas/.m2/repository/org/apache/maven/doxia/doxia-module-apt/1.0/doxia-module-apt-1.0.jar
7fc7ac013000-7fc7ac014000 r--s 0000b000 08:03 2766793                    /home/kostas/.m2/repository/org/apache/maven/doxia/doxia-decoration-model/1.0/doxia-decoration-model-1.0.jar
7fc7ac014000-7fc7ac017000 ---p 00000000 00:00 0 
7fc7ac017000-7fc7ac115000 rw-p 00000000 00:00 0                          [stack:9289]
7fc7ac115000-7fc7ac7f8000 r--p 00000000 08:03 3153738                    /usr/lib/locale/locale-archive
7fc7ac7f8000-7fc7ac7fb000 ---p 00000000 00:00 0 
7fc7ac7fb000-7fc7ac8f9000 rw-p 00000000 00:00 0                          [stack:9288]
7fc7ac8f9000-7fc7ac8fc000 ---p 00000000 00:00 0 
7fc7ac8fc000-7fc7ac9fa000 rw-p 00000000 00:00 0                          [stack:9287]
7fc7ac9fa000-7fc7ac9fb000 ---p 00000000 00:00 0 
7fc7ac9fb000-7fc7ad000000 rw-p 00000000 00:00 0                          [stack:9286]
7fc7ad000000-7fc7adeb0000 rwxp 00000000 00:00 0 
7fc7adeb0000-7fc7bc000000 ---p 00000000 00:00 0 
7fc7bc000000-7fc7bd05b000 rw-p 00000000 00:00 0 
7fc7bd05b000-7fc7c0000000 ---p 00000000 00:00 0 
7fc7c0000000-7fc7c0008000 r--s 00058000 08:03 2758071                    /home/kostas/.m2/repository/org/apache/velocity/velocity/1.5/velocity-1.5.jar
7fc7c0008000-7fc7c0009000 r--s 00001000 08:03 2766789                    /home/kostas/.m2/repository/org/codehaus/plexus/plexus-velocity/1.1.7/plexus-velocity-1.1.7.jar
7fc7c0009000-7fc7c000a000 r--s 00002000 08:03 2766791                    /home/kostas/.m2/repository/org/codehaus/plexus/plexus-i18n/1.0-beta-7/plexus-i18n-1.0-beta-7.jar
7fc7c000a000-7fc7c000c000 r--s 0000a000 08:03 2766787                    /home/kostas/.m2/repository/org/apache/maven/doxia/doxia-site-renderer/1.0/doxia-site-renderer-1.0.jar
7fc7c000c000-7fc7c000d000 r--s 00002000 08:03 2766785                    /home/kostas/.m2/repository/org/apache/maven/doxia/doxia-sink-api/1.0/doxia-sink-api-1.0.jar
7fc7c000d000-7fc7c0012000 r--s 00016000 08:03 2758062                    /home/kostas/.m2/repository/xml-apis/xml-apis/1.0.b2/xml-apis-1.0.b2.jar
7fc7c0012000-7fc7c0014000 r--s 0000e000 08:03 2758074                    /home/kostas/.m2/repository/oro/oro/2.0.8/oro-2.0.8.jar
7fc7c0014000-7fc7c0016000 r--s 00008000 08:03 2766781                    /home/kostas/.m2/repository/commons-logging/commons-logging/1.0.4/commons-logging-1.0.4.jar
7fc7c0016000-7fc7c001a000 r--s 00026000 08:03 2766783                    /home/kostas/.m2/repository/commons-digester/commons-digester/1.6/commons-digester-1.6.jar
7fc7c001a000-7fc7c001f000 r--s 0002a000 08:03 2766779                    /home/kostas/.m2/repository/commons-beanutils/commons-beanutils/1.7.0/commons-beanutils-1.7.0.jar
7fc7c001f000-7fc7c0022000 r--s 00014000 08:03 2766778                    /home/kostas/.m2/repository/commons-validator/commons-validator/1.2.0/commons-validator-1.2.0.jar
7fc7c0022000-7fc7c0025000 r--s 00018000 08:03 2766775                    /home/kostas/.m2/repository/commons-io/commons-io/1.4/commons-io-1.4.jar
7fc7c0025000-7fc7c0027000 r--s 00009000 08:03 2766774                    /home/kostas/.m2/repository/org/apache/maven/shared/maven-doxia-tools/1.0.2/maven-doxia-tools-1.0.2.jar
7fc7c0027000-7fc7c002a000 r--s 0000b000 08:03 2766769                    /home/kostas/.m2/repository/org/apache/maven/doxia/doxia-core/1.0/doxia-core-1.0.jar
7fc7c002a000-7fc7c002c000 r--s 00004000 08:03 2766770                    /home/kostas/.m2/repository/org/apache/maven/reporting/maven-reporting-impl/2.0.5/maven-reporting-impl-2.0.5.jar
7fc7c002c000-7fc7c002d000 r--s 00002000 08:03 2766768                    /home/kostas/.m2/repository/org/apache/maven/reporting/maven-reporting-api/3.0/maven-reporting-api-3.0.jar
7fc7c002d000-7fc7c002f000 r--s 00002000 08:03 2766767                    /home/kostas/.m2/repository/org/codehaus/plexus/plexus-interactivity-api/1.0-alpha-4/plexus-interactivity-api-1.0-alpha-4.jar
7fc7c002f000-7fc7c0031000 r--s 00006000 08:03 2766766                    /home/kostas/.m2/repository/commons-cli/commons-cli/1.0/commons-cli-1.0.jar
7fc7c0031000-7fc7c0034000 r--s 00021000 08:03 2758530                    /home/kostas/.m2/repository/org/apache/maven/plugins/maven-dependency-plugin/2.6/maven-dependency-plugin-2.6.jar
7fc7c0034000-7fc7c0035000 r--p 00000000 00:00 0 
7fc7c0035000-7fc7c0039000 r--s 00097000 08:03 3173393                    /usr/lib/jvm/java-8-oracle/jre/lib/jsse.jar
7fc7c0039000-7fc7c003b000 r--s 0000c000 08:03 2755456                    /home/kostas/netbeans-8.1/java/maven-nblib/netbeans-eventspy.jar
7fc7c003b000-7fc7c003e000 r--s 00008000 08:03 2755332                    /home/kostas/netbeans-8.1/java/maven/lib/maven-settings-builder-3.0.5.jar
7fc7c003e000-7fc7c0040000 r--s 0000b000 08:03 2755432                    /home/kostas/netbeans-8.1/java/maven/lib/maven-plugin-api-3.0.5.jar
7fc7c0040000-7fc7c0041000 r--s 00003000 08:03 2755468                    /home/kostas/netbeans-8.1/java/maven/lib/aether-spi-1.13.1.jar
7fc7c0041000-7fc7c0043000 r--s 00006000 08:03 2755237                    /home/kostas/netbeans-8.1/java/maven/lib/maven-repository-metadata-3.0.5.jar
7fc7c0043000-7fc7c0045000 r--s 0000b000 08:03 2755446                    /home/kostas/netbeans-8.1/java/maven/lib/maven-artifact-3.0.5.jar
7fc7c0045000-7fc7c0047000 r--s 00006000 08:03 2755303                    /home/kostas/netbeans-8.1/java/maven/lib/aether-connector-wagon-1.13.1.jar
7fc7c0047000-7fc7c0049000 r--s 0000a000 08:03 2755448                    /home/kostas/netbeans-8.1/java/maven/lib/maven-settings-3.0.5.jar
7fc7c0049000-7fc7c004f000 r--s 0003f000 08:03 2755462                    /home/kostas/netbeans-8.1/java/maven/lib/maven-compat-3.0.5.jar
7fc7c004f000-7fc7c0053000 r--s 00021000 08:03 2755385                    /home/kostas/netbeans-8.1/java/maven/lib/maven-model-builder-3.0.5.jar
7fc7c0053000-7fc7c005b000 r--s 00050000 08:03 2755419                    /home/kostas/netbeans-8.1/java/maven/lib/sisu-guice-3.1.0-no_aop.jar
7fc7c005b000-7fc7c0062000 r--s 0002b000 08:03 2755408                    /home/kostas/netbeans-8.1/java/maven/lib/sisu-inject-plexus-2.3.0.jar
7fc7c0062000-7fc7c0063000 r--s 00006000 08:03 2755386                    /home/kostas/netbeans-8.1/java/maven/lib/plexus-sec-dispatcher-1.3.jar
7fc7c0063000-7fc7c0065000 r--s 00002000 08:03 2755466                    /home/kostas/netbeans-8.1/java/maven/lib/plexus-cipher-1.7.jar
7fc7c0065000-7fc7c0067000 r--s 00009000 08:03 2755476                    /home/kostas/netbeans-8.1/java/maven/lib/commons-cli-1.2.jar
7fc7c0067000-7fc7c0069000 r--s 0000d000 08:03 2755389                    /home/kostas/netbeans-8.1/java/maven/lib/plexus-interpolation-1.14.jar
7fc7c0069000-7fc7c0088000 r--s 00154000 08:03 2755474                    /home/kostas/netbeans-8.1/java/maven/lib/sisu-guava-0.9.9.jar
7fc7c0088000-7fc7c0094000 r--s 0007d000 08:03 2755473                    /home/kostas/netbeans-8.1/java/maven/lib/maven-core-3.0.5.jar
7fc7c0094000-7fc7c0096000 r--s 0000c000 08:03 2755350                    /home/kostas/netbeans-8.1/java/maven/lib/maven-aether-provider-3.0.5.jar
7fc7c0096000-7fc7c009d000 r--s 0003f000 08:03 2755433                    /home/kostas/netbeans-8.1/java/maven/lib/sisu-inject-bean-2.3.0.jar
7fc7c009d000-7fc7c00a1000 r--s 0001c000 08:03 2755461                    /home/kostas/netbeans-8.1/java/maven/lib/aether-util-1.13.1.jar
7fc7c00a1000-7fc7c00bc000 r--s 000e4000 08:03 2755441                    /home/kostas/netbeans-8.1/java/maven/lib/wagon-http-2.4-shaded.jar
7fc7c00bc000-7fc7c00ea000 r--s 001c9000 08:03 2755388                    /home/kostas/netbeans-8.1/java/maven/lib/ext/wagon-http-2.8-shaded.jar
7fc7c00ea000-7fc7c0ba6000 rw-p 00000000 00:00 0 
7fc7c0ba6000-7fc7c0d7e000 r--s 03d1d000 08:03 3173398                    /usr/lib/jvm/java-8-oracle/jre/lib/rt.jar
7fc7c0d7e000-7fc7c17e2000 rw-p 00000000 00:00 0 
7fc7c17e2000-7fc7c17e3000 ---p 00000000 00:00 0 
7fc7c17e3000-7fc7c18e3000 rw-p 00000000 00:00 0                          [stack:9285]
7fc7c18e3000-7fc7c18e4000 ---p 00000000 00:00 0 
7fc7c18e4000-7fc7c19e4000 rw-p 00000000 00:00 0                          [stack:9284]
7fc7c19e4000-7fc7c19e5000 ---p 00000000 00:00 0 
7fc7c19e5000-7fc7c1ae5000 rw-p 00000000 00:00 0                          [stack:9283]
7fc7c1ae5000-7fc7c1ae6000 ---p 00000000 00:00 0 
7fc7c1ae6000-7fc7c1bfc000 rw-p 00000000 00:00 0                          [stack:9282]
7fc7c1bfc000-7fc7c1d30000 ---p 00000000 00:00 0 
7fc7c1d30000-7fc7c1d46000 rw-p 00000000 00:00 0 
7fc7c1d46000-7fc7c1e79000 ---p 00000000 00:00 0 
7fc7c1e79000-7fc7c1f02000 rw-p 00000000 00:00 0 
7fc7c1f02000-7fc7c1f1e000 ---p 00000000 00:00 0 
7fc7c1f1e000-7fc7c1f5a000 rw-p 00000000 00:00 0 
7fc7c1f5a000-7fc7c22df000 ---p 00000000 00:00 0 
7fc7c22df000-7fc7c22f9000 r-xp 00000000 08:03 3277262                    /usr/lib/jvm/java-8-oracle/jre/lib/amd64/libzip.so
7fc7c22f9000-7fc7c24f9000 ---p 0001a000 08:03 3277262                    /usr/lib/jvm/java-8-oracle/jre/lib/amd64/libzip.so
7fc7c24f9000-7fc7c24fa000 rw-p 0001a000 08:03 3277262                    /usr/lib/jvm/java-8-oracle/jre/lib/amd64/libzip.so
7fc7c24fa000-7fc7c2505000 r-xp 00000000 08:03 137631                     /lib/x86_64-linux-gnu/libnss_files-2.19.so
7fc7c2505000-7fc7c2704000 ---p 0000b000 08:03 137631                     /lib/x86_64-linux-gnu/libnss_files-2.19.so
7fc7c2704000-7fc7c2705000 r--p 0000a000 08:03 137631                     /lib/x86_64-linux-gnu/libnss_files-2.19.so
7fc7c2705000-7fc7c2706000 rw-p 0000b000 08:03 137631                     /lib/x86_64-linux-gnu/libnss_files-2.19.so
7fc7c2706000-7fc7c2711000 r-xp 00000000 08:03 136178                     /lib/x86_64-linux-gnu/libnss_nis-2.19.so
7fc7c2711000-7fc7c2910000 ---p 0000b000 08:03 136178                     /lib/x86_64-linux-gnu/libnss_nis-2.19.so
7fc7c2910000-7fc7c2911000 r--p 0000a000 08:03 136178                     /lib/x86_64-linux-gnu/libnss_nis-2.19.so
7fc7c2911000-7fc7c2912000 rw-p 0000b000 08:03 136178                     /lib/x86_64-linux-gnu/libnss_nis-2.19.so
7fc7c2912000-7fc7c2929000 r-xp 00000000 08:03 136073                     /lib/x86_64-linux-gnu/libnsl-2.19.so
7fc7c2929000-7fc7c2b28000 ---p 00017000 08:03 136073                     /lib/x86_64-linux-gnu/libnsl-2.19.so
7fc7c2b28000-7fc7c2b29000 r--p 00016000 08:03 136073                     /lib/x86_64-linux-gnu/libnsl-2.19.so
7fc7c2b29000-7fc7c2b2a000 rw-p 00017000 08:03 136073                     /lib/x86_64-linux-gnu/libnsl-2.19.so
7fc7c2b2a000-7fc7c2b2c000 rw-p 00000000 00:00 0 
7fc7c2b2c000-7fc7c2b35000 r-xp 00000000 08:03 136072                     /lib/x86_64-linux-gnu/libnss_compat-2.19.so
7fc7c2b35000-7fc7c2d34000 ---p 00009000 08:03 136072                     /lib/x86_64-linux-gnu/libnss_compat-2.19.so
7fc7c2d34000-7fc7c2d35000 r--p 00008000 08:03 136072                     /lib/x86_64-linux-gnu/libnss_compat-2.19.so
7fc7c2d35000-7fc7c2d36000 rw-p 00009000 08:03 136072                     /lib/x86_64-linux-gnu/libnss_compat-2.19.so
7fc7c2d36000-7fc7c2d60000 r-xp 00000000 08:03 3277289                    /usr/lib/jvm/java-8-oracle/jre/lib/amd64/libjava.so
7fc7c2d60000-7fc7c2f60000 ---p 0002a000 08:03 3277289                    /usr/lib/jvm/java-8-oracle/jre/lib/amd64/libjava.so
7fc7c2f60000-7fc7c2f62000 rw-p 0002a000 08:03 3277289                    /usr/lib/jvm/java-8-oracle/jre/lib/amd64/libjava.so
7fc7c2f62000-7fc7c2f6f000 r-xp 00000000 08:03 3277258                    /usr/lib/jvm/java-8-oracle/jre/lib/amd64/libverify.so
7fc7c2f6f000-7fc7c316f000 ---p 0000d000 08:03 3277258                    /usr/lib/jvm/java-8-oracle/jre/lib/amd64/libverify.so
7fc7c316f000-7fc7c3171000 rw-p 0000d000 08:03 3277258                    /usr/lib/jvm/java-8-oracle/jre/lib/amd64/libverify.so
7fc7c3171000-7fc7c3178000 r-xp 00000000 08:03 137524                     /lib/x86_64-linux-gnu/librt-2.19.so
7fc7c3178000-7fc7c3377000 ---p 00007000 08:03 137524                     /lib/x86_64-linux-gnu/librt-2.19.so
7fc7c3377000-7fc7c3378000 r--p 00006000 08:03 137524                     /lib/x86_64-linux-gnu/librt-2.19.so
7fc7c3378000-7fc7c3379000 rw-p 00007000 08:03 137524                     /lib/x86_64-linux-gnu/librt-2.19.so
7fc7c3379000-7fc7c347e000 r-xp 00000000 08:03 135213                     /lib/x86_64-linux-gnu/libm-2.19.so
7fc7c347e000-7fc7c367d000 ---p 00105000 08:03 135213                     /lib/x86_64-linux-gnu/libm-2.19.so
7fc7c367d000-7fc7c367e000 r--p 00104000 08:03 135213                     /lib/x86_64-linux-gnu/libm-2.19.so
7fc7c367e000-7fc7c367f000 rw-p 00105000 08:03 135213                     /lib/x86_64-linux-gnu/libm-2.19.so
7fc7c367f000-7fc7c433e000 r-xp 00000000 08:03 3277280                    /usr/lib/jvm/java-8-oracle/jre/lib/amd64/server/libjvm.so
7fc7c433e000-7fc7c453d000 ---p 00cbf000 08:03 3277280                    /usr/lib/jvm/java-8-oracle/jre/lib/amd64/server/libjvm.so
7fc7c453d000-7fc7c4616000 rw-p 00cbe000 08:03 3277280                    /usr/lib/jvm/java-8-oracle/jre/lib/amd64/server/libjvm.so
7fc7c4616000-7fc7c465f000 rw-p 00000000 00:00 0 
7fc7c465f000-7fc7c481a000 r-xp 00000000 08:03 137525                     /lib/x86_64-linux-gnu/libc-2.19.so
7fc7c481a000-7fc7c4a19000 ---p 001bb000 08:03 137525                     /lib/x86_64-linux-gnu/libc-2.19.so
7fc7c4a19000-7fc7c4a1d000 r--p 001ba000 08:03 137525                     /lib/x86_64-linux-gnu/libc-2.19.so
7fc7c4a1d000-7fc7c4a1f000 rw-p 001be000 08:03 137525                     /lib/x86_64-linux-gnu/libc-2.19.so
7fc7c4a1f000-7fc7c4a24000 rw-p 00000000 00:00 0 
7fc7c4a24000-7fc7c4a27000 r-xp 00000000 08:03 135274                     /lib/x86_64-linux-gnu/libdl-2.19.so
7fc7c4a27000-7fc7c4c26000 ---p 00003000 08:03 135274                     /lib/x86_64-linux-gnu/libdl-2.19.so
7fc7c4c26000-7fc7c4c27000 r--p 00002000 08:03 135274                     /lib/x86_64-linux-gnu/libdl-2.19.so
7fc7c4c27000-7fc7c4c28000 rw-p 00003000 08:03 135274                     /lib/x86_64-linux-gnu/libdl-2.19.so
7fc7c4c28000-7fc7c4c3d000 r-xp 00000000 08:03 3429213                    /usr/lib/jvm/java-8-oracle/lib/amd64/jli/libjli.so
7fc7c4c3d000-7fc7c4e3d000 ---p 00015000 08:03 3429213                    /usr/lib/jvm/java-8-oracle/lib/amd64/jli/libjli.so
7fc7c4e3d000-7fc7c4e3e000 rw-p 00015000 08:03 3429213                    /usr/lib/jvm/java-8-oracle/lib/amd64/jli/libjli.so
7fc7c4e3e000-7fc7c4e57000 r-xp 00000000 08:03 136074                     /lib/x86_64-linux-gnu/libpthread-2.19.so
7fc7c4e57000-7fc7c5056000 ---p 00019000 08:03 136074                     /lib/x86_64-linux-gnu/libpthread-2.19.so
7fc7c5056000-7fc7c5057000 r--p 00018000 08:03 136074                     /lib/x86_64-linux-gnu/libpthread-2.19.so
7fc7c5057000-7fc7c5058000 rw-p 00019000 08:03 136074                     /lib/x86_64-linux-gnu/libpthread-2.19.so
7fc7c5058000-7fc7c505c000 rw-p 00000000 00:00 0 
7fc7c505c000-7fc7c507f000 r-xp 00000000 08:03 136075                     /lib/x86_64-linux-gnu/ld-2.19.so
7fc7c507f000-7fc7c5081000 r--s 00000000 08:03 2755116                    /home/kostas/netbeans-8.1/java/maven/lib/plexus-component-annotations-1.5.5.jar
7fc7c5081000-7fc7c5083000 r--s 0000b000 08:03 2755431                    /home/kostas/netbeans-8.1/java/maven/lib/wagon-provider-api-2.4.jar
7fc7c5083000-7fc7c5087000 r--s 00013000 08:03 2755467                    /home/kostas/netbeans-8.1/java/maven/lib/aether-api-1.13.1.jar
7fc7c5087000-7fc7c5160000 rw-p 00000000 00:00 0 
7fc7c5160000-7fc7c5163000 ---p 00000000 00:00 0 
7fc7c5163000-7fc7c5265000 rw-p 00000000 00:00 0                          [stack:9281]
7fc7c5265000-7fc7c5266000 r--s 0000a000 08:03 2755447                    /home/kostas/netbeans-8.1/java/maven/lib/maven-embedder-3.0.5.jar
7fc7c5266000-7fc7c5269000 r--s 0001d000 08:03 2755460                    /home/kostas/netbeans-8.1/java/maven/lib/aether-impl-1.13.1.jar
7fc7c5269000-7fc7c526b000 r--s 00026000 08:03 2755465                    /home/kostas/netbeans-8.1/java/maven/lib/maven-model-3.0.5.jar
7fc7c526b000-7fc7c526f000 r--s 00033000 08:03 2755459                    /home/kostas/netbeans-8.1/java/maven/lib/plexus-utils-2.0.6.jar
7fc7c526f000-7fc7c5270000 r--s 00002000 08:03 2755478                    /home/kostas/netbeans-8.1/java/maven/lib/wagon-file-2.4.jar
7fc7c5270000-7fc7c5272000 r--s 0000a000 08:03 2755421                    /home/kostas/netbeans-8.1/java/maven/boot/plexus-classworlds-2.4.jar
7fc7c5272000-7fc7c527a000 rw-s 00000000 08:03 1048870                    /tmp/hsperfdata_kostas/9278
7fc7c527a000-7fc7c527b000 rw-p 00000000 00:00 0 
7fc7c527b000-7fc7c527c000 ---p 00000000 00:00 0 
7fc7c527c000-7fc7c527e000 rw-p 00000000 00:00 0 
7fc7c527e000-7fc7c527f000 r--p 00022000 08:03 136075                     /lib/x86_64-linux-gnu/ld-2.19.so
7fc7c527f000-7fc7c5280000 rw-p 00023000 08:03 136075                     /lib/x86_64-linux-gnu/ld-2.19.so
7fc7c5280000-7fc7c5281000 rw-p 00000000 00:00 0 
7ffe647d5000-7ffe647f6000 rw-p 00000000 00:00 0                          [stack]
7ffe647fa000-7ffe647fc000 r-xp 00000000 00:00 0                          [vdso]
7ffe647fc000-7ffe647fe000 r--p 00000000 00:00 0                          [vvar]
ffffffffff600000-ffffffffff601000 r-xp 00000000 00:00 0                  [vsyscall]

VM Arguments:
jvm_args: -Dclassworlds.conf=/home/kostas/netbeans-8.1/java/maven/bin/m2.conf -Dmaven.home=/home/kostas/netbeans-8.1/java/maven 
java_command: org.codehaus.plexus.classworlds.launcher.Launcher -Dmaven.ext.class.path=/home/kostas/netbeans-8.1/java/maven-nblib/netbeans-eventspy.jar spring-boot:run
java_class_path (initial): /home/kostas/netbeans-8.1/java/maven/boot/plexus-classworlds-2.4.jar
Launcher Type: SUN_STANDARD

Environment Variables:
JAVA_HOME=/usr/lib/jvm/java-8-oracle
PATH=/home/kostas/.rvm/gems/ruby-2.1.6/bin:/home/kostas/.rvm/gems/ruby-2.1.6@global/bin:/home/kostas/.rvm/rubies/ruby-2.1.6/bin:/usr/local/sbin:/usr/local/bin:/usr/sbin:/usr/bin:/sbin:/bin:/usr/games:/usr/local/games:/usr/lib/jvm/java-8-oracle/bin:/usr/lib/jvm/java-8-oracle/db/bin:/usr/lib/jvm/java-8-oracle/jre/bin:/home/kostas/.rvm/bin
LD_LIBRARY_PATH=/usr/lib/jvm/java-8-oracle/jre/lib/amd64:/usr/lib/jvm/java-8-oracle/jre/lib/i386:
SHELL=/bin/bash
DISPLAY=:0.0

Signal Handlers:
SIGSEGV: [libjvm.so+0xabb070], sa_mask[0]=11111111011111111101111111111110, sa_flags=SA_RESTART|SA_SIGINFO
SIGBUS: [libjvm.so+0xabb070], sa_mask[0]=11111111011111111101111111111110, sa_flags=SA_RESTART|SA_SIGINFO
SIGFPE: [libjvm.so+0x918480], sa_mask[0]=11111111011111111101111111111110, sa_flags=SA_RESTART|SA_SIGINFO
SIGPIPE: [libjvm.so+0x918480], sa_mask[0]=11111111011111111101111111111110, sa_flags=SA_RESTART|SA_SIGINFO
SIGXFSZ: [libjvm.so+0x918480], sa_mask[0]=11111111011111111101111111111110, sa_flags=SA_RESTART|SA_SIGINFO
SIGILL: [libjvm.so+0x918480], sa_mask[0]=11111111011111111101111111111110, sa_flags=SA_RESTART|SA_SIGINFO
SIGUSR1: SIG_DFL, sa_mask[0]=00000000000000000000000000000000, sa_flags=none
SIGUSR2: [libjvm.so+0x919ab0], sa_mask[0]=00100000000000000000000000000000, sa_flags=SA_RESTART|SA_SIGINFO
SIGHUP: [libjvm.so+0x91aeb0], sa_mask[0]=11111111011111111101111111111110, sa_flags=SA_RESTART|SA_SIGINFO
SIGINT: SIG_IGN, sa_mask[0]=00000000000000000000000000000000, sa_flags=none
SIGTERM: [libjvm.so+0x91aeb0], sa_mask[0]=11111111011111111101111111111110, sa_flags=SA_RESTART|SA_SIGINFO
SIGQUIT: [libjvm.so+0x91aeb0], sa_mask[0]=11111111011111111101111111111110, sa_flags=SA_RESTART|SA_SIGINFO


---------------  S Y S T E M  ---------------

OS:DISTRIB_ID=Ubuntu
DISTRIB_RELEASE=14.04
DISTRIB_CODENAME=trusty
DISTRIB_DESCRIPTION="Ubuntu 14.04.4 LTS"

uname:Linux 3.16.0-62-generic #83~14.04.1-Ubuntu SMP Fri Feb 26 22:52:39 UTC 2016 x86_64
libc:glibc 2.19 NPTL 2.19 
rlimit: STACK 8192k, CORE 0k, NPROC 15723, NOFILE 4096, AS infinity
load average:0,74 0,53 0,46

/proc/meminfo:
MemTotal:        4046632 kB
MemFree:          112216 kB
MemAvailable:      57424 kB
Buffers:             680 kB
Cached:           105388 kB
SwapCached:            0 kB
Active:          3655736 kB
Inactive:          88384 kB
Active(anon):    3641656 kB
Inactive(anon):    74792 kB
Active(file):      14080 kB
Inactive(file):    13592 kB
Unevictable:          32 kB
Mlocked:              32 kB
SwapTotal:             0 kB
SwapFree:              0 kB
Dirty:               304 kB
Writeback:             0 kB
AnonPages:       3638452 kB
Mapped:            99084 kB
Shmem:             78080 kB
Slab:              65872 kB
SReclaimable:      31676 kB
SUnreclaim:        34196 kB
KernelStack:       10896 kB
PageTables:        47216 kB
NFS_Unstable:          0 kB
Bounce:                0 kB
WritebackTmp:          0 kB
CommitLimit:     2023316 kB
Committed_AS:    8625308 kB
VmallocTotal:   34359738367 kB
VmallocUsed:      133472 kB
VmallocChunk:   34359534372 kB
HardwareCorrupted:     0 kB
AnonHugePages:   1773568 kB
HugePages_Total:       0
HugePages_Free:        0
HugePages_Rsvd:        0
HugePages_Surp:        0
Hugepagesize:       2048 kB
DirectMap4k:      103296 kB
DirectMap2M:     4089856 kB


CPU:total 4 (4 cores per cpu, 1 threads per core) family 6 model 23 stepping 7, cmov, cx8, fxsr, mmx, sse, sse2, sse3, ssse3, sse4.1, tsc

/proc/cpuinfo:
processor	: 0
vendor_id	: GenuineIntel
cpu family	: 6
model		: 23
model name	: Intel(R) Core(TM)2 Quad  CPU   Q9300  @ 2.50GHz
stepping	: 7
cpu MHz		: 2333.000
cache size	: 3072 KB
physical id	: 0
siblings	: 4
core id		: 0
cpu cores	: 4
apicid		: 0
initial apicid	: 0
fpu		: yes
fpu_exception	: yes
cpuid level	: 10
wp		: yes
flags		: fpu vme de pse tsc msr pae mce cx8 apic sep mtrr pge mca cmov pat pse36 clflush dts acpi mmx fxsr sse sse2 ss ht tm pbe syscall nx lm constant_tsc arch_perfmon pebs bts rep_good nopl aperfmperf pni dtes64 monitor ds_cpl vmx smx est tm2 ssse3 cx16 xtpr pdcm sse4_1 lahf_lm dtherm tpr_shadow vnmi flexpriority
bogomips	: 5000.29
clflush size	: 64
cache_alignment	: 64
address sizes	: 36 bits physical, 48 bits virtual
power management:

processor	: 1
vendor_id	: GenuineIntel
cpu family	: 6
model		: 23
model name	: Intel(R) Core(TM)2 Quad  CPU   Q9300  @ 2.50GHz
stepping	: 7
cpu MHz		: 2333.000
cache size	: 3072 KB
physical id	: 0
siblings	: 4
core id		: 1
cpu cores	: 4
apicid		: 1
initial apicid	: 1
fpu		: yes
fpu_exception	: yes
cpuid level	: 10
wp		: yes
flags		: fpu vme de pse tsc msr pae mce cx8 apic sep mtrr pge mca cmov pat pse36 clflush dts acpi mmx fxsr sse sse2 ss ht tm pbe syscall nx lm constant_tsc arch_perfmon pebs bts rep_good nopl aperfmperf pni dtes64 monitor ds_cpl vmx smx est tm2 ssse3 cx16 xtpr pdcm sse4_1 lahf_lm dtherm tpr_shadow vnmi flexpriority
bogomips	: 5000.29
clflush size	: 64
cache_alignment	: 64
address sizes	: 36 bits physical, 48 bits virtual
power management:

processor	: 2
vendor_id	: GenuineIntel
cpu family	: 6
model		: 23
model name	: Intel(R) Core(TM)2 Quad  CPU   Q9300  @ 2.50GHz
stepping	: 7
cpu MHz		: 2000.000
cache size	: 3072 KB
physical id	: 0
siblings	: 4
core id		: 3
cpu cores	: 4
apicid		: 3
initial apicid	: 3
fpu		: yes
fpu_exception	: yes
cpuid level	: 10
wp		: yes
flags		: fpu vme de pse tsc msr pae mce cx8 apic sep mtrr pge mca cmov pat pse36 clflush dts acpi mmx fxsr sse sse2 ss ht tm pbe syscall nx lm constant_tsc arch_perfmon pebs bts rep_good nopl aperfmperf pni dtes64 monitor ds_cpl vmx smx est tm2 ssse3 cx16 xtpr pdcm sse4_1 lahf_lm dtherm tpr_shadow vnmi flexpriority
bogomips	: 5000.29
clflush size	: 64
cache_alignment	: 64
address sizes	: 36 bits physical, 48 bits virtual
power management:

processor	: 3
vendor_id	: GenuineIntel
cpu family	: 6
model		: 23
model name	: Intel(R) Core(TM)2 Quad  CPU   Q9300  @ 2.50GHz
stepping	: 7
cpu MHz		: 2333.000
cache size	: 3072 KB
physical id	: 0
siblings	: 4
core id		: 2
cpu cores	: 4
apicid		: 2
initial apicid	: 2
fpu		: yes
fpu_exception	: yes
cpuid level	: 10
wp		: yes
flags		: fpu vme de pse tsc msr pae mce cx8 apic sep mtrr pge mca cmov pat pse36 clflush dts acpi mmx fxsr sse sse2 ss ht tm pbe syscall nx lm constant_tsc arch_perfmon pebs bts rep_good nopl aperfmperf pni dtes64 monitor ds_cpl vmx smx est tm2 ssse3 cx16 xtpr pdcm sse4_1 lahf_lm dtherm tpr_shadow vnmi flexpriority
bogomips	: 5000.29
clflush size	: 64
cache_alignment	: 64
address sizes	: 36 bits physical, 48 bits virtual
power management:



Memory: 4k page, physical 4046632k(112512k free), swap 0k(0k free)

vm_info: Java HotSpot(TM) 64-Bit Server VM (25.74-b02) for linux-amd64 JRE (1.8.0_74-b02), built on Jan 29 2016 19:20:56 by "java_re" with gcc 4.3.0 20080428 (Red Hat 4.3.0-8)

time: Fri Mar 11 22:50:50 2016
elapsed time: 7 seconds (0d 0h 0m 7s)

